{"name": "test_get_users_contract", "status": "failed", "statusDetails": {"message": "AssertionError: Response time too high: 3.066742s\nassert 3.066742 < 2\n +  where 3.066742 = <built-in method total_seconds of datetime.timedelta object at 0x106a93060>()\n +    where <built-in method total_seconds of datetime.timedelta object at 0x106a93060> = datetime.timedelta(seconds=3, microseconds=66742).total_seconds\n +      where datetime.timedelta(seconds=3, microseconds=66742) = <Response [200]>.elapsed", "trace": "api_client = <src.api.base_client.BaseClient object at 0x1068edbe0>, db = <db.sqlite_client.SQLiteClient object at 0x1069307f0>\n\n    @pytest.mark.smoke\n    @pytest.mark.contract\n    def test_get_users_contract(api_client, db):\n        users_api = UsersAPI(api_client.base_url)\n        resp = users_api.get_users()\n        # Response time validation (e.g., must be < 2 seconds)\n>       assert resp.elapsed.total_seconds() < 2, f\"Response time too high: {resp.elapsed.total_seconds()}s\"\nE       AssertionError: Response time too high: 3.066742s\nE       assert 3.066742 < 2\nE        +  where 3.066742 = <built-in method total_seconds of datetime.timedelta object at 0x106a93060>()\nE        +    where <built-in method total_seconds of datetime.timedelta object at 0x106a93060> = datetime.timedelta(seconds=3, microseconds=66742).total_seconds\nE        +      where datetime.timedelta(seconds=3, microseconds=66742) = <Response [200]>.elapsed\n\ntests/test_users.py:23: AssertionError"}, "attachments": [{"name": "Response for https://jsonplaceholder.typicode.com/users", "source": "92b5e509-57f6-4846-bb2e-b99b216f3ef2-attachment.json", "type": "application/json"}, {"name": "log", "source": "3989becd-ede7-4f00-ad5e-97b91f232dc9-attachment.txt", "type": "text/plain"}, {"name": "stderr", "source": "029ac2b7-b9f3-41a1-977f-eb9f1588179f-attachment.txt", "type": "text/plain"}], "start": 1769619265858, "stop": 1769619268938, "uuid": "0540839d-a26d-4555-8051-b646cf300d0a", "historyId": "61dfe5215fef2da1e9313b54cb3e9dfb", "testCaseId": "61dfe5215fef2da1e9313b54cb3e9dfb", "fullName": "tests.test_users#test_get_users_contract", "labels": [{"name": "tag", "value": "contract"}, {"name": "tag", "value": "smoke"}, {"name": "parentSuite", "value": "tests"}, {"name": "suite", "value": "test_users"}, {"name": "host", "value": "GS-6209.lan"}, {"name": "thread", "value": "41747-MainThread"}, {"name": "framework", "value": "pytest"}, {"name": "language", "value": "cpython3"}, {"name": "package", "value": "tests.test_users"}], "titlePath": ["tests", "test_users.py"]}