{"name": "test_get_user_by_id_validations", "status": "failed", "statusDetails": {"message": "AssertionError: User 1 not found in DB\nassert []", "trace": "api_client = <src.api.base_client.BaseClient object at 0x10acef790>, db = <db.sqlite_client.SQLiteClient object at 0x10afb47f0>\n\n    @pytest.mark.contract\n    def test_get_user_by_id_validations(api_client, db):\n        users_api = UsersAPI(api_client.base_url)\n        # Get all users from /users\n        all_users_resp = users_api.get_users()\n        assert all_users_resp.status_code == 200\n        all_users = all_users_resp.json()\n        # For each user, call /users/{id} and validate\n        for user in all_users:\n            user_id = user[\"id\"]\n            resp = users_api.get_user_by_id(user_id)\n            # Response time validation\n            assert resp.elapsed.total_seconds() < 2, f\"Response time too high: {resp.elapsed.total_seconds()}s for user {user_id}\"\n            assert resp.status_code == 200\n            user_data = resp.json()\n            # Schema validation\n            validate_schema(user_data, \"data/schemas/user_schema.json\")\n            # Mandatory fields\n            for field in [\"id\", \"name\", \"username\", \"email\"]:\n                assert field in user_data\n            # Email format\n            assert is_valid_email(user_data[\"email\"])\n            # Data matches /users and DB\n            assert user_data[\"id\"] == user[\"id\"]\n            assert user_data[\"name\"] == user[\"name\"]\n            assert user_data[\"username\"] == user[\"username\"]\n            assert user_data[\"email\"] == user[\"email\"]\n            # DB validation\n            db_user = [row for row in db.fetchall(\"users\") if row[0] == user_id]\n>           assert db_user, f\"User {user_id} not found in DB\"\nE           AssertionError: User 1 not found in DB\nE           assert []\n\ntests/test_users.py:66: AssertionError"}, "attachments": [{"name": "Response for https://jsonplaceholder.typicode.com/users", "source": "a470c4fc-38d2-4ec0-a80e-e00a798b1658-attachment.json", "type": "application/json"}, {"name": "Response for https://jsonplaceholder.typicode.com/users/1", "source": "f7824e44-190c-40a8-a9b9-65caa7397f38-attachment.json", "type": "application/json"}, {"name": "log", "source": "c5ec0d0e-c9c2-4bc2-bfc5-69b685011002-attachment.txt", "type": "text/plain"}, {"name": "stderr", "source": "a350dd7f-5e53-42b5-b005-38057c7a4e43-attachment.txt", "type": "text/plain"}], "start": 1769337555132, "stop": 1769337555471, "uuid": "a5024e41-eb30-426c-afb0-fd59080a6d72", "historyId": "07636f71da2653fb9909de6aa1582dd9", "testCaseId": "07636f71da2653fb9909de6aa1582dd9", "fullName": "tests.test_users#test_get_user_by_id_validations", "labels": [{"name": "tag", "value": "contract"}, {"name": "parentSuite", "value": "tests"}, {"name": "suite", "value": "test_users"}, {"name": "host", "value": "GS-6209.lan"}, {"name": "thread", "value": "29768-MainThread"}, {"name": "framework", "value": "pytest"}, {"name": "language", "value": "cpython3"}, {"name": "package", "value": "tests.test_users"}], "titlePath": ["tests", "test_users.py"]}