{"name": "test_get_albums_by_userid_validations", "status": "failed", "statusDetails": {"message": "AssertionError: assert 13.928991 < 12\n +  where 13.928991 = <built-in method total_seconds of datetime.timedelta object at 0x1048fcdb0>()\n +    where <built-in method total_seconds of datetime.timedelta object at 0x1048fcdb0> = datetime.timedelta(seconds=13, microseconds=928991).total_seconds\n +      where datetime.timedelta(seconds=13, microseconds=928991) = <Response [200]>.elapsed", "trace": "api_client = <src.api.base_client.BaseClient object at 0x105964880>, db = <db.sqlite_client.SQLiteClient object at 0x105cb0b50>\n\n    @pytest.mark.contract\n    def test_get_albums_by_userid_validations(api_client, db):\n        albums_api = AlbumsAPI(api_client.base_url)\n        users_api = UsersAPI(api_client.base_url)\n        users = users_api.get_users().json()\n        for user in users:\n            user_id = user[\"id\"]\n            resp = albums_api.get_albums_by_user(user_id)\n            assert resp.status_code == 200\n>           assert resp.elapsed.total_seconds() < 12\nE           assert 13.928991 < 12\nE            +  where 13.928991 = <built-in method total_seconds of datetime.timedelta object at 0x1048fcdb0>()\nE            +    where <built-in method total_seconds of datetime.timedelta object at 0x1048fcdb0> = datetime.timedelta(seconds=13, microseconds=928991).total_seconds\nE            +      where datetime.timedelta(seconds=13, microseconds=928991) = <Response [200]>.elapsed\n\ntests/test_albums.py:29: AssertionError"}, "attachments": [{"name": "Response for https://jsonplaceholder.typicode.com/users", "source": "46f5f9da-6e73-4120-85b3-8fc1789390ab-attachment.json", "type": "application/json"}, {"name": "Response for https://jsonplaceholder.typicode.com/albums", "source": "9c60b07a-8ab7-4d5e-81af-488765d7ad51-attachment.json", "type": "application/json"}, {"name": "log", "source": "97001a97-94a8-4319-b83f-d2ead5b66b21-attachment.txt", "type": "text/plain"}, {"name": "stderr", "source": "101e3e6c-bfd1-43e1-a1c3-d3c2bc428bfd-attachment.txt", "type": "text/plain"}], "start": 1769619916853, "stop": 1769619933285, "uuid": "64c0f2dc-6a5d-45df-8cab-eec7e1827824", "historyId": "db982ae9dc73d1bd0b6bc3cb52e6906a", "testCaseId": "db982ae9dc73d1bd0b6bc3cb52e6906a", "fullName": "tests.test_albums#test_get_albums_by_userid_validations", "labels": [{"name": "tag", "value": "contract"}, {"name": "parentSuite", "value": "tests"}, {"name": "suite", "value": "test_albums"}, {"name": "host", "value": "GS-6209.lan"}, {"name": "thread", "value": "42169-MainThread"}, {"name": "framework", "value": "pytest"}, {"name": "language", "value": "cpython3"}, {"name": "package", "value": "tests.test_albums"}], "titlePath": ["tests", "test_albums.py"]}