{"name": "test_get_albums_by_userid_validations", "status": "failed", "statusDetails": {"message": "AssertionError: assert 2.75737 < 2\n +  where 2.75737 = <built-in method total_seconds of datetime.timedelta object at 0x1040d4ab0>()\n +    where <built-in method total_seconds of datetime.timedelta object at 0x1040d4ab0> = datetime.timedelta(seconds=2, microseconds=757370).total_seconds\n +      where datetime.timedelta(seconds=2, microseconds=757370) = <Response [200]>.elapsed", "trace": "api_client = <src.api.base_client.BaseClient object at 0x10438dcd0>, db = <db.sqlite_client.SQLiteClient object at 0x104484f10>\n\n    @pytest.mark.contract\n    def test_get_albums_by_userid_validations(api_client, db):\n        albums_api = AlbumsAPI(api_client.base_url)\n        users_api = UsersAPI(api_client.base_url)\n        users = users_api.get_users().json()\n        for user in users:\n            user_id = user[\"id\"]\n            resp = albums_api.get_albums_by_user(user_id)\n            assert resp.status_code == 200\n>           assert resp.elapsed.total_seconds() < 2\nE           assert 2.75737 < 2\nE            +  where 2.75737 = <built-in method total_seconds of datetime.timedelta object at 0x1040d4ab0>()\nE            +    where <built-in method total_seconds of datetime.timedelta object at 0x1040d4ab0> = datetime.timedelta(seconds=2, microseconds=757370).total_seconds\nE            +      where datetime.timedelta(seconds=2, microseconds=757370) = <Response [200]>.elapsed\n\ntests/test_albums.py:29: AssertionError"}, "attachments": [{"name": "Response for https://jsonplaceholder.typicode.com/users", "source": "1b7a4072-ed07-4c16-a70a-fd5512b14b8b-attachment.json", "type": "application/json"}, {"name": "Response for https://jsonplaceholder.typicode.com/albums", "source": "c9714bee-d010-48c8-9c4e-64a35c54eb34-attachment.json", "type": "application/json"}, {"name": "log", "source": "b3e8d352-0943-4e12-b238-a0eefcb78eca-attachment.txt", "type": "text/plain"}, {"name": "stderr", "source": "d81f879c-3c6f-4b13-9c2f-fcbbad742ca7-attachment.txt", "type": "text/plain"}], "start": 1769618137542, "stop": 1769618141151, "uuid": "a5753c3e-e331-4734-a82b-b4323c9b51ab", "historyId": "db982ae9dc73d1bd0b6bc3cb52e6906a", "testCaseId": "db982ae9dc73d1bd0b6bc3cb52e6906a", "fullName": "tests.test_albums#test_get_albums_by_userid_validations", "labels": [{"name": "tag", "value": "contract"}, {"name": "parentSuite", "value": "tests"}, {"name": "suite", "value": "test_albums"}, {"name": "host", "value": "GS-6209.lan"}, {"name": "thread", "value": "41419-MainThread"}, {"name": "framework", "value": "pytest"}, {"name": "language", "value": "cpython3"}, {"name": "package", "value": "tests.test_albums"}], "titlePath": ["tests", "test_albums.py"]}