{"name": "test_get_posts_by_userid_validations", "status": "failed", "statusDetails": {"message": "AssertionError: assert 2.245162 < 2\n +  where 2.245162 = <built-in method total_seconds of datetime.timedelta object at 0x104d587b0>()\n +    where <built-in method total_seconds of datetime.timedelta object at 0x104d587b0> = datetime.timedelta(seconds=2, microseconds=245162).total_seconds\n +      where datetime.timedelta(seconds=2, microseconds=245162) = <Response [200]>.elapsed", "trace": "api_client = <src.api.base_client.BaseClient object at 0x104a67520>\ndb = <db.sqlite_client.SQLiteClient object at 0x104d2b430>\n\n    @pytest.mark.contract\n    def test_get_posts_by_userid_validations(api_client, db):\n        posts_api = PostsAPI(api_client.base_url)\n        users_api = UsersAPI(api_client.base_url)\n        users = users_api.get_users().json()\n        for user in users:\n            user_id = user[\"id\"]\n            resp = posts_api.get_posts_by_user(user_id)\n            assert resp.status_code == 200\n>           assert resp.elapsed.total_seconds() < 2\nE           assert 2.245162 < 2\nE            +  where 2.245162 = <built-in method total_seconds of datetime.timedelta object at 0x104d587b0>()\nE            +    where <built-in method total_seconds of datetime.timedelta object at 0x104d587b0> = datetime.timedelta(seconds=2, microseconds=245162).total_seconds\nE            +      where datetime.timedelta(seconds=2, microseconds=245162) = <Response [200]>.elapsed\n\ntests/test_posts.py:69: AssertionError"}, "attachments": [{"name": "Response for https://jsonplaceholder.typicode.com/users", "source": "b26ba183-1681-4cdd-8be6-10980e373273-attachment.json", "type": "application/json"}, {"name": "Response for https://jsonplaceholder.typicode.com/posts", "source": "4ad293b4-1e05-489e-a5b2-3ebe570c9a49-attachment.json", "type": "application/json"}, {"name": "log", "source": "35ec1b87-9b97-4d14-8402-44a4d21cab1c-attachment.txt", "type": "text/plain"}, {"name": "stderr", "source": "ea32d319-488e-45e8-9d7c-c9c102a95abc-attachment.txt", "type": "text/plain"}], "start": 1769337288734, "stop": 1769337291276, "uuid": "1f503479-c680-469e-860a-56487fe2341c", "historyId": "6f15841b372509e46cc9f6cc7cbe1fba", "testCaseId": "6f15841b372509e46cc9f6cc7cbe1fba", "fullName": "tests.test_posts#test_get_posts_by_userid_validations", "labels": [{"name": "tag", "value": "contract"}, {"name": "parentSuite", "value": "tests"}, {"name": "suite", "value": "test_posts"}, {"name": "host", "value": "GS-6209.lan"}, {"name": "thread", "value": "29215-MainThread"}, {"name": "framework", "value": "pytest"}, {"name": "language", "value": "cpython3"}, {"name": "package", "value": "tests.test_posts"}], "titlePath": ["tests", "test_posts.py"]}