{"name": "test_get_comments_by_postid_validations", "status": "failed", "statusDetails": {"message": "AssertionError: assert 2.860697 < 2\n +  where 2.860697 = <built-in method total_seconds of datetime.timedelta object at 0x104202420>()\n +    where <built-in method total_seconds of datetime.timedelta object at 0x104202420> = datetime.timedelta(seconds=2, microseconds=860697).total_seconds\n +      where datetime.timedelta(seconds=2, microseconds=860697) = <Response [200]>.elapsed", "trace": "api_client = <src.api.base_client.BaseClient object at 0x1041cd580>, db = <db.sqlite_client.SQLiteClient object at 0x1041d6a00>\n\n    @pytest.mark.contract\n    def test_get_comments_by_postid_validations(api_client, db):\n        posts_api = PostsAPI(api_client.base_url)\n        comments_api = CommentsAPI(api_client.base_url)\n        posts = posts_api.get_posts().json()\n        for post in posts:\n            post_id = post[\"id\"]\n            resp = comments_api.get_comments_by_post(post_id)\n            assert resp.status_code == 200\n>           assert resp.elapsed.total_seconds() < 2\nE           assert 2.860697 < 2\nE            +  where 2.860697 = <built-in method total_seconds of datetime.timedelta object at 0x104202420>()\nE            +    where <built-in method total_seconds of datetime.timedelta object at 0x104202420> = datetime.timedelta(seconds=2, microseconds=860697).total_seconds\nE            +      where datetime.timedelta(seconds=2, microseconds=860697) = <Response [200]>.elapsed\n\ntests/test_comments.py:40: AssertionError"}, "attachments": [{"name": "Response for https://jsonplaceholder.typicode.com/posts", "source": "6f321073-b45d-4180-8175-9cae74650f18-attachment.json", "type": "application/json"}, {"name": "Response for https://jsonplaceholder.typicode.com/comments", "source": "85363e7c-2a62-4388-b77f-bbe86f52be23-attachment.json", "type": "application/json"}, {"name": "log", "source": "ec4d4f37-dc21-4eef-9550-2bdb02fdb0fb-attachment.txt", "type": "text/plain"}, {"name": "stderr", "source": "09971b22-788e-4a2a-b783-5bcefe9e1402-attachment.txt", "type": "text/plain"}], "start": 1769618134711, "stop": 1769618138442, "uuid": "62a93a50-1624-4541-a723-6759d3fd65bd", "historyId": "829513cc6393b6ff5acf1a996a833b28", "testCaseId": "829513cc6393b6ff5acf1a996a833b28", "fullName": "tests.test_comments#test_get_comments_by_postid_validations", "labels": [{"name": "tag", "value": "contract"}, {"name": "parentSuite", "value": "tests"}, {"name": "suite", "value": "test_comments"}, {"name": "host", "value": "GS-6209.lan"}, {"name": "thread", "value": "41421-MainThread"}, {"name": "framework", "value": "pytest"}, {"name": "language", "value": "cpython3"}, {"name": "package", "value": "tests.test_comments"}], "titlePath": ["tests", "test_comments.py"]}