{"name": "test_get_comments_by_postid_validations", "status": "failed", "statusDetails": {"message": "AssertionError: assert 2.81827 < 2\n +  where 2.81827 = <built-in method total_seconds of datetime.timedelta object at 0x105748660>()\n +    where <built-in method total_seconds of datetime.timedelta object at 0x105748660> = datetime.timedelta(seconds=2, microseconds=818270).total_seconds\n +      where datetime.timedelta(seconds=2, microseconds=818270) = <Response [200]>.elapsed", "trace": "api_client = <src.api.base_client.BaseClient object at 0x1056c93a0>, db = <db.sqlite_client.SQLiteClient object at 0x10571b6a0>\n\n    @pytest.mark.contract\n    def test_get_comments_by_postid_validations(api_client, db):\n        posts_api = PostsAPI(api_client.base_url)\n        comments_api = CommentsAPI(api_client.base_url)\n        posts = posts_api.get_posts().json()\n        for post in posts:\n            post_id = post[\"id\"]\n            resp = comments_api.get_comments_by_post(post_id)\n            assert resp.status_code == 200\n>           assert resp.elapsed.total_seconds() < 2\nE           assert 2.81827 < 2\nE            +  where 2.81827 = <built-in method total_seconds of datetime.timedelta object at 0x105748660>()\nE            +    where <built-in method total_seconds of datetime.timedelta object at 0x105748660> = datetime.timedelta(seconds=2, microseconds=818270).total_seconds\nE            +      where datetime.timedelta(seconds=2, microseconds=818270) = <Response [200]>.elapsed\n\ntests/test_comments.py:31: AssertionError"}, "attachments": [{"name": "Response for https://jsonplaceholder.typicode.com/posts", "source": "f18bae40-67b5-4630-a748-038c608ee811-attachment.json", "type": "application/json"}, {"name": "Response for https://jsonplaceholder.typicode.com/comments", "source": "736d55ce-a894-4743-be75-1889b4c55433-attachment.json", "type": "application/json"}, {"name": "log", "source": "f9008c2d-64bc-4ce5-ba6b-6cdf68728fd5-attachment.txt", "type": "text/plain"}, {"name": "stderr", "source": "5631e1a0-2e6b-46d4-8869-506d2975c6d7-attachment.txt", "type": "text/plain"}], "start": 1769337115863, "stop": 1769337119398, "uuid": "1b11af10-e349-43c6-9611-7730169f8a54", "historyId": "829513cc6393b6ff5acf1a996a833b28", "testCaseId": "829513cc6393b6ff5acf1a996a833b28", "fullName": "tests.test_comments#test_get_comments_by_postid_validations", "labels": [{"name": "tag", "value": "contract"}, {"name": "parentSuite", "value": "tests"}, {"name": "suite", "value": "test_comments"}, {"name": "host", "value": "GS-6209.lan"}, {"name": "thread", "value": "28441-MainThread"}, {"name": "framework", "value": "pytest"}, {"name": "language", "value": "cpython3"}, {"name": "package", "value": "tests.test_comments"}], "titlePath": ["tests", "test_comments.py"]}