{"name": "test_get_user_by_id_parametrized[4]", "status": "failed", "statusDetails": {"message": "AssertionError: assert 2.759248 < 2\n +  where 2.759248 = <built-in method total_seconds of datetime.timedelta object at 0x1052d8720>()\n +    where <built-in method total_seconds of datetime.timedelta object at 0x1052d8720> = datetime.timedelta(seconds=2, microseconds=759248).total_seconds\n +      where datetime.timedelta(seconds=2, microseconds=759248) = <Response [200]>.elapsed", "trace": "api_client = <src.api.base_client.BaseClient object at 0x105144580>, db = <db.sqlite_client.SQLiteClient object at 0x10517bd60>, user_id = 4\n\n    @pytest.mark.parametrize(\"user_id\", [1, 2, 3, 4, 5, 6, 7, 8, 9, 10])\n    def test_get_user_by_id_parametrized(api_client, db, user_id):\n        users_api = UsersAPI(api_client.base_url)\n        resp = users_api.get_user_by_id(user_id)\n        assert resp.status_code == 200\n>       assert resp.elapsed.total_seconds() < 2\nE       assert 2.759248 < 2\nE        +  where 2.759248 = <built-in method total_seconds of datetime.timedelta object at 0x1052d8720>()\nE        +    where <built-in method total_seconds of datetime.timedelta object at 0x1052d8720> = datetime.timedelta(seconds=2, microseconds=759248).total_seconds\nE        +      where datetime.timedelta(seconds=2, microseconds=759248) = <Response [200]>.elapsed\n\ntests/test_users.py:88: AssertionError"}, "attachments": [{"name": "Response for https://jsonplaceholder.typicode.com/users/4", "source": "e1ed52a7-be53-442c-ba70-38e842047abe-attachment.json", "type": "application/json"}, {"name": "log", "source": "e98ebdab-031d-4e84-be7b-7f848dbc6270-attachment.txt", "type": "text/plain"}, {"name": "stderr", "source": "609352ab-c300-4a69-bc85-9dedbf5ab4b9-attachment.txt", "type": "text/plain"}], "parameters": [{"name": "user_id", "value": "4"}], "start": 1769619804890, "stop": 1769619807664, "uuid": "fe82c5c7-0742-40f6-8a15-14fbc113fe3c", "historyId": "9c3049e04345d8fba8b2094f49baab3b", "testCaseId": "f169414ea9a7b1f224ea74e92980257c", "fullName": "tests.test_users#test_get_user_by_id_parametrized", "labels": [{"name": "parentSuite", "value": "tests"}, {"name": "suite", "value": "test_users"}, {"name": "host", "value": "GS-6209.lan"}, {"name": "thread", "value": "42081-MainThread"}, {"name": "framework", "value": "pytest"}, {"name": "language", "value": "cpython3"}, {"name": "package", "value": "tests.test_users"}], "titlePath": ["tests", "test_users.py"]}