{"name": "test_get_comments_contract", "status": "failed", "statusDetails": {"message": "AssertionError: Response time too high: 2.375882s\nassert 2.375882 < 2\n +  where 2.375882 = <built-in method total_seconds of datetime.timedelta object at 0x10328bbd0>()\n +    where <built-in method total_seconds of datetime.timedelta object at 0x10328bbd0> = datetime.timedelta(seconds=2, microseconds=375882).total_seconds\n +      where datetime.timedelta(seconds=2, microseconds=375882) = <Response [200]>.elapsed", "trace": "api_client = <src.api.base_client.BaseClient object at 0x10324b640>\ndb = <db.sqlite_client.SQLiteClient object at 0x10325fe50>\n\n    @pytest.mark.contract\n    def test_get_comments_contract(api_client, db):\n        comments_api = CommentsAPI(api_client.base_url)\n        resp = comments_api.get_comments()\n        # Response time validation (e.g., must be < 2 seconds)\n>       assert resp.elapsed.total_seconds() < 2, f\"Response time too high: {resp.elapsed.total_seconds()}s\"\nE       AssertionError: Response time too high: 2.375882s\nE       assert 2.375882 < 2\nE        +  where 2.375882 = <built-in method total_seconds of datetime.timedelta object at 0x10328bbd0>()\nE        +    where <built-in method total_seconds of datetime.timedelta object at 0x10328bbd0> = datetime.timedelta(seconds=2, microseconds=375882).total_seconds\nE        +      where datetime.timedelta(seconds=2, microseconds=375882) = <Response [200]>.elapsed\n\ntests/test_comments.py:12: AssertionError"}, "attachments": [{"name": "Response for https://jsonplaceholder.typicode.com/comments", "source": "8beb96fa-62b6-4715-9da0-b95be392dcdc-attachment.json", "type": "application/json"}, {"name": "log", "source": "4ab06f8d-4f45-4635-8801-4b6ac22345e9-attachment.txt", "type": "text/plain"}, {"name": "stderr", "source": "e6e55d4d-ae24-4fcb-b858-b52a3b0b4d21-attachment.txt", "type": "text/plain"}], "start": 1769337289333, "stop": 1769337292252, "uuid": "6ea73fc5-cb3b-4682-96e5-6779470b7efc", "historyId": "704eb4bf640eefcb281c793935a045d1", "testCaseId": "704eb4bf640eefcb281c793935a045d1", "fullName": "tests.test_comments#test_get_comments_contract", "labels": [{"name": "tag", "value": "contract"}, {"name": "parentSuite", "value": "tests"}, {"name": "suite", "value": "test_comments"}, {"name": "host", "value": "GS-6209.lan"}, {"name": "thread", "value": "29190-MainThread"}, {"name": "framework", "value": "pytest"}, {"name": "language", "value": "cpython3"}, {"name": "package", "value": "tests.test_comments"}], "titlePath": ["tests", "test_comments.py"]}