{"name": "test_get_user_by_id_validations", "status": "failed", "statusDetails": {"message": "AssertionError: Response time too high: 2.488464s for user 2\nassert 2.488464 < 2\n +  where 2.488464 = <built-in method total_seconds of datetime.timedelta object at 0x102a8a8d0>()\n +    where <built-in method total_seconds of datetime.timedelta object at 0x102a8a8d0> = datetime.timedelta(seconds=2, microseconds=488464).total_seconds\n +      where datetime.timedelta(seconds=2, microseconds=488464) = <Response [200]>.elapsed", "trace": "api_client = <src.api.base_client.BaseClient object at 0x1028ecaf0>, db = <db.sqlite_client.SQLiteClient object at 0x1028f4bb0>\n\n    @pytest.mark.contract\n    def test_get_user_by_id_validations(api_client, db):\n        users_api = UsersAPI(api_client.base_url)\n        # Get all users from /users\n        all_users_resp = users_api.get_users()\n        assert all_users_resp.status_code == 200\n        all_users = all_users_resp.json()\n        # For each user, call /users/{id} and validate\n        for user in all_users:\n            user_id = user[\"id\"]\n            resp = users_api.get_user_by_id(user_id)\n            # Response time validation\n>           assert resp.elapsed.total_seconds() < 2, f\"Response time too high: {resp.elapsed.total_seconds()}s for user {user_id}\"\nE           AssertionError: Response time too high: 2.488464s for user 2\nE           assert 2.488464 < 2\nE            +  where 2.488464 = <built-in method total_seconds of datetime.timedelta object at 0x102a8a8d0>()\nE            +    where <built-in method total_seconds of datetime.timedelta object at 0x102a8a8d0> = datetime.timedelta(seconds=2, microseconds=488464).total_seconds\nE            +      where datetime.timedelta(seconds=2, microseconds=488464) = <Response [200]>.elapsed\n\ntests/test_users.py:58: AssertionError"}, "attachments": [{"name": "Response for https://jsonplaceholder.typicode.com/users", "source": "cead59f2-046f-4299-9ba0-46cf1b8d3e89-attachment.json", "type": "application/json"}, {"name": "Response for https://jsonplaceholder.typicode.com/users/1", "source": "5cae6ca4-05e0-409a-8f7e-ac866d5474c2-attachment.json", "type": "application/json"}, {"name": "Response for https://jsonplaceholder.typicode.com/users/2", "source": "065887a2-5ad5-4a1e-a5e0-51c8ac99111a-attachment.json", "type": "application/json"}, {"name": "log", "source": "0ec8bd30-27fc-4d25-af27-04f7c5b6d88e-attachment.txt", "type": "text/plain"}, {"name": "stderr", "source": "de099911-df06-4c60-9ebe-c45de5761428-attachment.txt", "type": "text/plain"}], "start": 1769619264439, "stop": 1769619267965, "uuid": "7cd152f5-5512-4aa2-b64d-e466bf545d0f", "historyId": "07636f71da2653fb9909de6aa1582dd9", "testCaseId": "07636f71da2653fb9909de6aa1582dd9", "fullName": "tests.test_users#test_get_user_by_id_validations", "labels": [{"name": "tag", "value": "contract"}, {"name": "parentSuite", "value": "tests"}, {"name": "suite", "value": "test_users"}, {"name": "host", "value": "GS-6209.lan"}, {"name": "thread", "value": "41763-MainThread"}, {"name": "framework", "value": "pytest"}, {"name": "language", "value": "cpython3"}, {"name": "package", "value": "tests.test_users"}], "titlePath": ["tests", "test_users.py"]}