{"name": "test_get_posts_by_userid_validations", "status": "failed", "statusDetails": {"message": "AssertionError: assert 7.236923 < 2\n +  where 7.236923 = <built-in method total_seconds of datetime.timedelta object at 0x1038de1e0>()\n +    where <built-in method total_seconds of datetime.timedelta object at 0x1038de1e0> = datetime.timedelta(seconds=7, microseconds=236923).total_seconds\n +      where datetime.timedelta(seconds=7, microseconds=236923) = <Response [200]>.elapsed", "trace": "api_client = <src.api.base_client.BaseClient object at 0x103977580>, db = <db.sqlite_client.SQLiteClient object at 0x103aa1cd0>\n\n    @pytest.mark.contract\n    def test_get_posts_by_userid_validations(api_client, db):\n        posts_api = PostsAPI(api_client.base_url)\n        users_api = UsersAPI(api_client.base_url)\n        users = users_api.get_users().json()\n        for user in users:\n            user_id = user[\"id\"]\n            resp = posts_api.get_posts_by_user(user_id)\n            assert resp.status_code == 200\n>           assert resp.elapsed.total_seconds() < 2\nE           assert 7.236923 < 2\nE            +  where 7.236923 = <built-in method total_seconds of datetime.timedelta object at 0x1038de1e0>()\nE            +    where <built-in method total_seconds of datetime.timedelta object at 0x1038de1e0> = datetime.timedelta(seconds=7, microseconds=236923).total_seconds\nE            +      where datetime.timedelta(seconds=7, microseconds=236923) = <Response [200]>.elapsed\n\ntests/test_posts.py:80: AssertionError"}, "attachments": [{"name": "Response for https://jsonplaceholder.typicode.com/users", "source": "8568a8f9-3b55-4cd4-bfca-83950ba4687a-attachment.json", "type": "application/json"}, {"name": "Response for https://jsonplaceholder.typicode.com/posts", "source": "0011f769-2153-47f8-bd3d-a4674d7a0833-attachment.json", "type": "application/json"}, {"name": "log", "source": "801b38dd-323f-49ee-8c7f-f66960dd7e41-attachment.txt", "type": "text/plain"}, {"name": "stderr", "source": "2ac673b3-d4cd-40f5-a286-b285c7a116d0-attachment.txt", "type": "text/plain"}], "start": 1769619017800, "stop": 1769619027569, "uuid": "97d6eee8-2e1a-4c04-812d-3b3fecfc10a5", "historyId": "6f15841b372509e46cc9f6cc7cbe1fba", "testCaseId": "6f15841b372509e46cc9f6cc7cbe1fba", "fullName": "tests.test_posts#test_get_posts_by_userid_validations", "labels": [{"name": "tag", "value": "contract"}, {"name": "parentSuite", "value": "tests"}, {"name": "suite", "value": "test_posts"}, {"name": "host", "value": "GS-6209.lan"}, {"name": "thread", "value": "41666-MainThread"}, {"name": "framework", "value": "pytest"}, {"name": "language", "value": "cpython3"}, {"name": "package", "value": "tests.test_posts"}], "titlePath": ["tests", "test_posts.py"]}