{"name": "test_get_comments_contract", "status": "failed", "statusDetails": {"message": "AssertionError: Response time too high: 3.877741s\nassert 3.877741 < 3\n +  where 3.877741 = <built-in method total_seconds of datetime.timedelta object at 0x120792480>()\n +    where <built-in method total_seconds of datetime.timedelta object at 0x120792480> = datetime.timedelta(seconds=3, microseconds=877741).total_seconds\n +      where datetime.timedelta(seconds=3, microseconds=877741) = <Response [200]>.elapsed", "trace": "api_client = <src.api.base_client.BaseClient object at 0x1207607f0>, db = <db.sqlite_client.SQLiteClient object at 0x12071c670>\n\n    @pytest.mark.contract\n    def test_get_comments_contract(api_client, db):\n        comments_api = CommentsAPI(api_client.base_url)\n        resp = comments_api.get_comments()\n        # Response time validation (e.g., must be < 3 seconds)\n>       assert resp.elapsed.total_seconds() < 3, f\"Response time too high: {resp.elapsed.total_seconds()}s\"\nE       AssertionError: Response time too high: 3.877741s\nE       assert 3.877741 < 3\nE        +  where 3.877741 = <built-in method total_seconds of datetime.timedelta object at 0x120792480>()\nE        +    where <built-in method total_seconds of datetime.timedelta object at 0x120792480> = datetime.timedelta(seconds=3, microseconds=877741).total_seconds\nE        +      where datetime.timedelta(seconds=3, microseconds=877741) = <Response [200]>.elapsed\n\ntests/test_comments.py:21: AssertionError"}, "attachments": [{"name": "Response for https://jsonplaceholder.typicode.com/comments", "source": "11000cd3-a3a5-4b45-8dd9-0fd1f028607a-attachment.json", "type": "application/json"}, {"name": "log", "source": "f55b69f3-4a58-4ef9-97d8-59d2ae3a5bdb-attachment.txt", "type": "text/plain"}, {"name": "stderr", "source": "d04694e3-7729-4376-a481-e596d9636f84-attachment.txt", "type": "text/plain"}], "start": 1769618359114, "stop": 1769618374920, "uuid": "c9a15f96-4bfb-419b-b4c7-7a5567073d01", "historyId": "704eb4bf640eefcb281c793935a045d1", "testCaseId": "704eb4bf640eefcb281c793935a045d1", "fullName": "tests.test_comments#test_get_comments_contract", "labels": [{"name": "tag", "value": "contract"}, {"name": "parentSuite", "value": "tests"}, {"name": "suite", "value": "test_comments"}, {"name": "host", "value": "GS-6209.lan"}, {"name": "thread", "value": "41494-MainThread"}, {"name": "framework", "value": "pytest"}, {"name": "language", "value": "cpython3"}, {"name": "package", "value": "tests.test_comments"}], "titlePath": ["tests", "test_comments.py"]}