{"name": "test_create_post_negative", "status": "failed", "statusDetails": {"message": "AssertionError: assert 201 in [400, 422, 500]\n +  where 201 = <Response [201]>.status_code", "trace": "api_client = <src.api.base_client.BaseClient object at 0x106297b50>\n\n    @pytest.mark.negative\n    def test_create_post_negative(api_client):\n        posts_api = PostsAPI(api_client.base_url)\n        test_data = load_post_crud_negative_data()\n        for bad_post in test_data:\n            resp = posts_api.create_post(bad_post)\n>           assert resp.status_code in [400, 422, 500]\nE           assert 201 in [400, 422, 500]\nE            +  where 201 = <Response [201]>.status_code\n\ntests/test_posts.py:164: AssertionError"}, "attachments": [{"name": "Response for https://jsonplaceholder.typicode.com/posts", "source": "92d9b002-c104-448b-a4ce-e5a075b60a92-attachment.json", "type": "application/json"}, {"name": "log", "source": "f8016428-d3dd-477c-b0b2-01812fe19d0e-attachment.txt", "type": "text/plain"}, {"name": "stderr", "source": "63ddfd79-c123-4e4e-ba2a-d29d2c3bf663-attachment.txt", "type": "text/plain"}], "start": 1769619020112, "stop": 1769619021455, "uuid": "43856486-4327-495e-bbf1-8c0c4ea17115", "historyId": "68cce22bbbe5c17b24fd78841c0965a8", "testCaseId": "68cce22bbbe5c17b24fd78841c0965a8", "fullName": "tests.test_posts#test_create_post_negative", "labels": [{"name": "tag", "value": "negative"}, {"name": "parentSuite", "value": "tests"}, {"name": "suite", "value": "test_posts"}, {"name": "host", "value": "GS-6209.lan"}, {"name": "thread", "value": "41677-MainThread"}, {"name": "framework", "value": "pytest"}, {"name": "language", "value": "cpython3"}, {"name": "package", "value": "tests.test_posts"}], "titlePath": ["tests", "test_posts.py"]}