{"name": "test_get_post_by_id_validations", "status": "failed", "statusDetails": {"message": "AssertionError: assert 2.978655 < 2\n +  where 2.978655 = <built-in method total_seconds of datetime.timedelta object at 0x102654d20>()\n +    where <built-in method total_seconds of datetime.timedelta object at 0x102654d20> = datetime.timedelta(seconds=2, microseconds=978655).total_seconds\n +      where datetime.timedelta(seconds=2, microseconds=978655) = <Response [200]>.elapsed", "trace": "api_client = <src.api.base_client.BaseClient object at 0x102fec580>, db = <db.sqlite_client.SQLiteClient object at 0x102ff4ca0>\n\n    @pytest.mark.contract\n    def test_get_post_by_id_validations(api_client, db):\n        posts_api = PostsAPI(api_client.base_url)\n        all_posts = posts_api.get_posts().json()\n        for post in all_posts:\n            post_id = post[\"id\"]\n            resp = posts_api.get_post_by_id(post_id)\n            assert resp.status_code == 200\n>           assert resp.elapsed.total_seconds() < 2\nE           assert 2.978655 < 2\nE            +  where 2.978655 = <built-in method total_seconds of datetime.timedelta object at 0x102654d20>()\nE            +    where <built-in method total_seconds of datetime.timedelta object at 0x102654d20> = datetime.timedelta(seconds=2, microseconds=978655).total_seconds\nE            +      where datetime.timedelta(seconds=2, microseconds=978655) = <Response [200]>.elapsed\n\ntests/test_posts.py:37: AssertionError"}, "attachments": [{"name": "Response for https://jsonplaceholder.typicode.com/posts", "source": "2f9e9bf4-7e6a-4771-ab66-2755356de3ea-attachment.json", "type": "application/json"}, {"name": "Response for https://jsonplaceholder.typicode.com/posts/1", "source": "e12509af-a9f8-4fe1-88cf-1e959ba7b8b3-attachment.json", "type": "application/json"}, {"name": "Response for https://jsonplaceholder.typicode.com/posts/2", "source": "aa0fcabb-1f5c-4213-870c-fffa4681f55b-attachment.json", "type": "application/json"}, {"name": "log", "source": "48fa473f-71f3-4024-9524-82dbaa13356d-attachment.txt", "type": "text/plain"}, {"name": "stderr", "source": "37973ccb-526b-44ef-b0b1-e892a2068731-attachment.txt", "type": "text/plain"}], "start": 1769618354878, "stop": 1769618359976, "uuid": "0a64a83c-c39c-4ca8-be59-fc594a944c56", "historyId": "603554bf9ea72f98ef5d796589624d8a", "testCaseId": "603554bf9ea72f98ef5d796589624d8a", "fullName": "tests.test_posts#test_get_post_by_id_validations", "labels": [{"name": "tag", "value": "contract"}, {"name": "parentSuite", "value": "tests"}, {"name": "suite", "value": "test_posts"}, {"name": "host", "value": "GS-6209.lan"}, {"name": "thread", "value": "41504-MainThread"}, {"name": "framework", "value": "pytest"}, {"name": "language", "value": "cpython3"}, {"name": "package", "value": "tests.test_posts"}], "titlePath": ["tests", "test_posts.py"]}