{"name": "test_get_albums_contract", "status": "failed", "statusDetails": {"message": "AssertionError: Response time too high: 11.590821s\nassert 11.590821 < 2\n +  where 11.590821 = <built-in method total_seconds of datetime.timedelta object at 0x103bd58d0>()\n +    where <built-in method total_seconds of datetime.timedelta object at 0x103bd58d0> = datetime.timedelta(seconds=11, microseconds=590821).total_seconds\n +      where datetime.timedelta(seconds=11, microseconds=590821) = <Response [200]>.elapsed", "trace": "api_client = <src.api.base_client.BaseClient object at 0x103b45280>, db = <db.sqlite_client.SQLiteClient object at 0x103be8ac0>\n\n    @pytest.mark.contract\n    def test_get_albums_contract(api_client, db):\n        albums_api = AlbumsAPI(api_client.base_url)\n        resp = albums_api.get_albums()\n        # Response time validation (e.g., must be < 2 seconds)\n>       assert resp.elapsed.total_seconds() < 2, f\"Response time too high: {resp.elapsed.total_seconds()}s\"\nE       AssertionError: Response time too high: 11.590821s\nE       assert 11.590821 < 2\nE        +  where 11.590821 = <built-in method total_seconds of datetime.timedelta object at 0x103bd58d0>()\nE        +    where <built-in method total_seconds of datetime.timedelta object at 0x103bd58d0> = datetime.timedelta(seconds=11, microseconds=590821).total_seconds\nE        +      where datetime.timedelta(seconds=11, microseconds=590821) = <Response [200]>.elapsed\n\ntests/test_albums.py:11: AssertionError"}, "attachments": [{"name": "Response for https://jsonplaceholder.typicode.com/albums", "source": "ef4be294-77c6-4a4c-acd8-8080ce6c6b1f-attachment.json", "type": "application/json"}, {"name": "log", "source": "bee0f907-7c1e-4411-ab7d-a0f4cbf2acb6-attachment.txt", "type": "text/plain"}, {"name": "stderr", "source": "581848b2-83fe-4120-8767-15e4ed2e4cf9-attachment.txt", "type": "text/plain"}], "start": 1769618353898, "stop": 1769618365518, "uuid": "a5faa509-49f9-4b5c-bf85-a1c0a173949f", "historyId": "731ecfc972043d0c34a0f2ec3a1ac6d0", "testCaseId": "731ecfc972043d0c34a0f2ec3a1ac6d0", "fullName": "tests.test_albums#test_get_albums_contract", "labels": [{"name": "tag", "value": "contract"}, {"name": "parentSuite", "value": "tests"}, {"name": "suite", "value": "test_albums"}, {"name": "host", "value": "GS-6209.lan"}, {"name": "thread", "value": "41493-MainThread"}, {"name": "framework", "value": "pytest"}, {"name": "language", "value": "cpython3"}, {"name": "package", "value": "tests.test_albums"}], "titlePath": ["tests", "test_albums.py"]}