{"name": "test_get_todos_contract", "status": "failed", "statusDetails": {"message": "AssertionError: Response time too high: 2.009555s\nassert 2.009555 < 2\n +  where 2.009555 = <built-in method total_seconds of datetime.timedelta object at 0x1024c10f0>()\n +    where <built-in method total_seconds of datetime.timedelta object at 0x1024c10f0> = datetime.timedelta(seconds=2, microseconds=9555).total_seconds\n +      where datetime.timedelta(seconds=2, microseconds=9555) = <Response [200]>.elapsed", "trace": "api_client = <src.api.base_client.BaseClient object at 0x10228f700>, db = <db.sqlite_client.SQLiteClient object at 0x10232cc70>\n\n    @pytest.mark.contract\n    def test_get_todos_contract(api_client, db):\n        todos_api = TodosAPI(api_client.base_url)\n        resp = todos_api.get_todos()\n        # Response time validation (e.g., must be < 2 seconds)\n>       assert resp.elapsed.total_seconds() < 2, f\"Response time too high: {resp.elapsed.total_seconds()}s\"\nE       AssertionError: Response time too high: 2.009555s\nE       assert 2.009555 < 2\nE        +  where 2.009555 = <built-in method total_seconds of datetime.timedelta object at 0x1024c10f0>()\nE        +    where <built-in method total_seconds of datetime.timedelta object at 0x1024c10f0> = datetime.timedelta(seconds=2, microseconds=9555).total_seconds\nE        +      where datetime.timedelta(seconds=2, microseconds=9555) = <Response [200]>.elapsed\n\ntests/test_todos.py:16: AssertionError"}, "attachments": [{"name": "Response for https://jsonplaceholder.typicode.com/todos", "source": "48fec1b2-0bf5-4381-aa6e-a8b86cc0cba0-attachment.json", "type": "application/json"}, {"name": "log", "source": "7ff6652f-598d-462c-80c9-124222eeb140-attachment.txt", "type": "text/plain"}, {"name": "stderr", "source": "794ba9e9-1ccf-4960-b25e-82b66569fddc-attachment.txt", "type": "text/plain"}], "start": 1769619582993, "stop": 1769619585019, "uuid": "7d720d35-f698-405a-98b8-7cb257fec054", "historyId": "615e415ffc5bb16b953f9f3f11f097b4", "testCaseId": "615e415ffc5bb16b953f9f3f11f097b4", "fullName": "tests.test_todos#test_get_todos_contract", "labels": [{"name": "tag", "value": "contract"}, {"name": "parentSuite", "value": "tests"}, {"name": "suite", "value": "test_todos"}, {"name": "host", "value": "GS-6209.lan"}, {"name": "thread", "value": "41833-MainThread"}, {"name": "framework", "value": "pytest"}, {"name": "language", "value": "cpython3"}, {"name": "package", "value": "tests.test_todos"}], "titlePath": ["tests", "test_todos.py"]}