{"uid":"193ef66a6bfaf176","name":"test_get_users_contract","fullName":"tests.test_users#test_get_users_contract","historyId":"61dfe5215fef2da1e9313b54cb3e9dfb","time":{"start":1769619265858,"stop":1769619268938,"duration":3080},"status":"failed","statusMessage":"AssertionError: Response time too high: 3.066742s\nassert 3.066742 < 2\n +  where 3.066742 = <built-in method total_seconds of datetime.timedelta object at 0x106a93060>()\n +    where <built-in method total_seconds of datetime.timedelta object at 0x106a93060> = datetime.timedelta(seconds=3, microseconds=66742).total_seconds\n +      where datetime.timedelta(seconds=3, microseconds=66742) = <Response [200]>.elapsed","statusTrace":"api_client = <src.api.base_client.BaseClient object at 0x1068edbe0>, db = <db.sqlite_client.SQLiteClient object at 0x1069307f0>\n\n    @pytest.mark.smoke\n    @pytest.mark.contract\n    def test_get_users_contract(api_client, db):\n        users_api = UsersAPI(api_client.base_url)\n        resp = users_api.get_users()\n        # Response time validation (e.g., must be < 2 seconds)\n>       assert resp.elapsed.total_seconds() < 2, f\"Response time too high: {resp.elapsed.total_seconds()}s\"\nE       AssertionError: Response time too high: 3.066742s\nE       assert 3.066742 < 2\nE        +  where 3.066742 = <built-in method total_seconds of datetime.timedelta object at 0x106a93060>()\nE        +    where <built-in method total_seconds of datetime.timedelta object at 0x106a93060> = datetime.timedelta(seconds=3, microseconds=66742).total_seconds\nE        +      where datetime.timedelta(seconds=3, microseconds=66742) = <Response [200]>.elapsed\n\ntests/test_users.py:23: AssertionError","flaky":false,"newFailed":false,"newBroken":false,"newPassed":false,"retriesCount":0,"retriesStatusChange":false,"beforeStages":[{"name":"config","time":{"start":1769619245635,"stop":1769619245639,"duration":4},"status":"passed","steps":[],"attachments":[],"parameters":[],"shouldDisplayMessage":false,"attachmentsCount":0,"stepsCount":0,"hasContent":false,"attachmentStep":false},{"name":"api_client","time":{"start":1769619245639,"stop":1769619245639,"duration":0},"status":"passed","steps":[],"attachments":[],"parameters":[],"shouldDisplayMessage":false,"attachmentsCount":0,"stepsCount":0,"hasContent":false,"attachmentStep":false},{"name":"base_url","time":{"start":1769619245639,"stop":1769619245639,"duration":0},"status":"passed","steps":[],"attachments":[],"parameters":[],"shouldDisplayMessage":false,"attachmentsCount":0,"stepsCount":0,"hasContent":false,"attachmentStep":false},{"name":"db","time":{"start":1769619250914,"stop":1769619250918,"duration":4},"status":"passed","steps":[],"attachments":[],"parameters":[],"shouldDisplayMessage":false,"attachmentsCount":0,"stepsCount":0,"hasContent":false,"attachmentStep":false}],"testStage":{"status":"failed","statusMessage":"AssertionError: Response time too high: 3.066742s\nassert 3.066742 < 2\n +  where 3.066742 = <built-in method total_seconds of datetime.timedelta object at 0x106a93060>()\n +    where <built-in method total_seconds of datetime.timedelta object at 0x106a93060> = datetime.timedelta(seconds=3, microseconds=66742).total_seconds\n +      where datetime.timedelta(seconds=3, microseconds=66742) = <Response [200]>.elapsed","statusTrace":"api_client = <src.api.base_client.BaseClient object at 0x1068edbe0>, db = <db.sqlite_client.SQLiteClient object at 0x1069307f0>\n\n    @pytest.mark.smoke\n    @pytest.mark.contract\n    def test_get_users_contract(api_client, db):\n        users_api = UsersAPI(api_client.base_url)\n        resp = users_api.get_users()\n        # Response time validation (e.g., must be < 2 seconds)\n>       assert resp.elapsed.total_seconds() < 2, f\"Response time too high: {resp.elapsed.total_seconds()}s\"\nE       AssertionError: Response time too high: 3.066742s\nE       assert 3.066742 < 2\nE        +  where 3.066742 = <built-in method total_seconds of datetime.timedelta object at 0x106a93060>()\nE        +    where <built-in method total_seconds of datetime.timedelta object at 0x106a93060> = datetime.timedelta(seconds=3, microseconds=66742).total_seconds\nE        +      where datetime.timedelta(seconds=3, microseconds=66742) = <Response [200]>.elapsed\n\ntests/test_users.py:23: AssertionError","steps":[],"attachments":[{"uid":"196db6762fca3a1a","name":"Response for https://jsonplaceholder.typicode.com/users","source":"196db6762fca3a1a.json","type":"application/json","size":4423},{"uid":"27ccabab30d12ea5","name":"log","source":"27ccabab30d12ea5.txt","type":"text/plain","size":4636},{"uid":"96a59a3843e4d313","name":"stderr","source":"96a59a3843e4d313.txt","type":"text/plain","size":4652}],"parameters":[],"shouldDisplayMessage":true,"attachmentsCount":3,"stepsCount":0,"hasContent":true,"attachmentStep":false},"afterStages":[],"labels":[{"name":"tag","value":"contract"},{"name":"tag","value":"smoke"},{"name":"parentSuite","value":"tests"},{"name":"suite","value":"test_users"},{"name":"host","value":"GS-6209.lan"},{"name":"thread","value":"41747-MainThread"},{"name":"framework","value":"pytest"},{"name":"language","value":"cpython3"},{"name":"package","value":"tests.test_users"},{"name":"resultFormat","value":"allure2"}],"parameters":[],"links":[],"hidden":true,"retry":true,"extra":{"categories":[],"tags":["contract","smoke"]},"source":"193ef66a6bfaf176.json","parameterValues":[]}