{"uid":"241ea3caed328fd1","name":"test_get_comments_contract","fullName":"tests.test_comments#test_get_comments_contract","historyId":"704eb4bf640eefcb281c793935a045d1","time":{"start":1769337289333,"stop":1769337292252,"duration":2919},"status":"failed","statusMessage":"AssertionError: Response time too high: 2.375882s\nassert 2.375882 < 2\n +  where 2.375882 = <built-in method total_seconds of datetime.timedelta object at 0x10328bbd0>()\n +    where <built-in method total_seconds of datetime.timedelta object at 0x10328bbd0> = datetime.timedelta(seconds=2, microseconds=375882).total_seconds\n +      where datetime.timedelta(seconds=2, microseconds=375882) = <Response [200]>.elapsed","statusTrace":"api_client = <src.api.base_client.BaseClient object at 0x10324b640>\ndb = <db.sqlite_client.SQLiteClient object at 0x10325fe50>\n\n    @pytest.mark.contract\n    def test_get_comments_contract(api_client, db):\n        comments_api = CommentsAPI(api_client.base_url)\n        resp = comments_api.get_comments()\n        # Response time validation (e.g., must be < 2 seconds)\n>       assert resp.elapsed.total_seconds() < 2, f\"Response time too high: {resp.elapsed.total_seconds()}s\"\nE       AssertionError: Response time too high: 2.375882s\nE       assert 2.375882 < 2\nE        +  where 2.375882 = <built-in method total_seconds of datetime.timedelta object at 0x10328bbd0>()\nE        +    where <built-in method total_seconds of datetime.timedelta object at 0x10328bbd0> = datetime.timedelta(seconds=2, microseconds=375882).total_seconds\nE        +      where datetime.timedelta(seconds=2, microseconds=375882) = <Response [200]>.elapsed\n\ntests/test_comments.py:12: AssertionError","flaky":false,"newFailed":false,"newBroken":false,"newPassed":false,"retriesCount":0,"retriesStatusChange":false,"beforeStages":[{"name":"config","time":{"start":1769337288729,"stop":1769337288732,"duration":3},"status":"passed","steps":[],"attachments":[],"parameters":[],"shouldDisplayMessage":false,"attachmentsCount":0,"stepsCount":0,"hasContent":false,"attachmentStep":false},{"name":"base_url","time":{"start":1769337288732,"stop":1769337288732,"duration":0},"status":"passed","steps":[],"attachments":[],"parameters":[],"shouldDisplayMessage":false,"attachmentsCount":0,"stepsCount":0,"hasContent":false,"attachmentStep":false},{"name":"api_client","time":{"start":1769337288732,"stop":1769337288733,"duration":1},"status":"passed","steps":[],"attachments":[],"parameters":[],"shouldDisplayMessage":false,"attachmentsCount":0,"stepsCount":0,"hasContent":false,"attachmentStep":false},{"name":"db","time":{"start":1769337289318,"stop":1769337289323,"duration":5},"status":"passed","steps":[],"attachments":[],"parameters":[],"shouldDisplayMessage":false,"attachmentsCount":0,"stepsCount":0,"hasContent":false,"attachmentStep":false}],"testStage":{"status":"failed","statusMessage":"AssertionError: Response time too high: 2.375882s\nassert 2.375882 < 2\n +  where 2.375882 = <built-in method total_seconds of datetime.timedelta object at 0x10328bbd0>()\n +    where <built-in method total_seconds of datetime.timedelta object at 0x10328bbd0> = datetime.timedelta(seconds=2, microseconds=375882).total_seconds\n +      where datetime.timedelta(seconds=2, microseconds=375882) = <Response [200]>.elapsed","statusTrace":"api_client = <src.api.base_client.BaseClient object at 0x10324b640>\ndb = <db.sqlite_client.SQLiteClient object at 0x10325fe50>\n\n    @pytest.mark.contract\n    def test_get_comments_contract(api_client, db):\n        comments_api = CommentsAPI(api_client.base_url)\n        resp = comments_api.get_comments()\n        # Response time validation (e.g., must be < 2 seconds)\n>       assert resp.elapsed.total_seconds() < 2, f\"Response time too high: {resp.elapsed.total_seconds()}s\"\nE       AssertionError: Response time too high: 2.375882s\nE       assert 2.375882 < 2\nE        +  where 2.375882 = <built-in method total_seconds of datetime.timedelta object at 0x10328bbd0>()\nE        +    where <built-in method total_seconds of datetime.timedelta object at 0x10328bbd0> = datetime.timedelta(seconds=2, microseconds=375882).total_seconds\nE        +      where datetime.timedelta(seconds=2, microseconds=375882) = <Response [200]>.elapsed\n\ntests/test_comments.py:12: AssertionError","steps":[],"attachments":[{"uid":"45c7d5dc2279905a","name":"Response for https://jsonplaceholder.typicode.com/comments","source":"45c7d5dc2279905a.json","type":"application/json","size":144743},{"uid":"a5cb8462744be73b","name":"log","source":"a5cb8462744be73b.txt","type":"text/plain","size":144959},{"uid":"99bc490f5cfdb705","name":"stderr","source":"99bc490f5cfdb705.txt","type":"text/plain","size":144975}],"parameters":[],"shouldDisplayMessage":true,"attachmentsCount":3,"stepsCount":0,"hasContent":true,"attachmentStep":false},"afterStages":[],"labels":[{"name":"tag","value":"contract"},{"name":"parentSuite","value":"tests"},{"name":"suite","value":"test_comments"},{"name":"host","value":"GS-6209.lan"},{"name":"thread","value":"29190-MainThread"},{"name":"framework","value":"pytest"},{"name":"language","value":"cpython3"},{"name":"package","value":"tests.test_comments"},{"name":"resultFormat","value":"allure2"}],"parameters":[],"links":[],"hidden":true,"retry":true,"extra":{"categories":[],"tags":["contract"]},"source":"241ea3caed328fd1.json","parameterValues":[]}