{"uid":"30575e2adbfeec95","name":"test_get_user_by_id_parametrized[3]","fullName":"tests.test_users#test_get_user_by_id_parametrized","historyId":"f260d1f29982b94274b39e5d185a950f","time":{"start":1769337553431,"stop":1769337553693,"duration":262},"status":"failed","statusMessage":"AssertionError: User 3 not found in DB\nassert []","statusTrace":"api_client = <src.api.base_client.BaseClient object at 0x102bbcc40>, db = <db.sqlite_client.SQLiteClient object at 0x102c12730>, user_id = 3\n\n    @pytest.mark.parametrize(\"user_id\", [1, 2, 3, 4, 5, 6, 7, 8, 9, 10])\n    def test_get_user_by_id_parametrized(api_client, db, user_id):\n        users_api = UsersAPI(api_client.base_url)\n        resp = users_api.get_user_by_id(user_id)\n        assert resp.status_code == 200\n        assert resp.elapsed.total_seconds() < 2\n        user_data = resp.json()\n        validate_schema(user_data, \"data/schemas/user_schema.json\")\n        for field in [\"id\", \"name\", \"username\", \"email\"]:\n            assert field in user_data\n        assert is_valid_email(user_data[\"email\"])\n        db_user = [row for row in db.fetchall(\"users\") if row[0] == user_id]\n>       assert db_user, f\"User {user_id} not found in DB\"\nE       AssertionError: User 3 not found in DB\nE       assert []\n\ntests/test_users.py:85: AssertionError","flaky":false,"newFailed":false,"newBroken":false,"newPassed":false,"retriesCount":0,"retriesStatusChange":false,"beforeStages":[{"name":"config","time":{"start":1769337551281,"stop":1769337551284,"duration":3},"status":"passed","steps":[],"attachments":[],"parameters":[],"shouldDisplayMessage":false,"attachmentsCount":0,"stepsCount":0,"hasContent":false,"attachmentStep":false},{"name":"base_url","time":{"start":1769337551284,"stop":1769337551284,"duration":0},"status":"passed","steps":[],"attachments":[],"parameters":[],"shouldDisplayMessage":false,"attachmentsCount":0,"stepsCount":0,"hasContent":false,"attachmentStep":false},{"name":"api_client","time":{"start":1769337551284,"stop":1769337551285,"duration":1},"status":"passed","steps":[],"attachments":[],"parameters":[],"shouldDisplayMessage":false,"attachmentsCount":0,"stepsCount":0,"hasContent":false,"attachmentStep":false},{"name":"db","time":{"start":1769337551941,"stop":1769337551944,"duration":3},"status":"passed","steps":[],"attachments":[],"parameters":[],"shouldDisplayMessage":false,"attachmentsCount":0,"stepsCount":0,"hasContent":false,"attachmentStep":false}],"testStage":{"status":"failed","statusMessage":"AssertionError: User 3 not found in DB\nassert []","statusTrace":"api_client = <src.api.base_client.BaseClient object at 0x102bbcc40>, db = <db.sqlite_client.SQLiteClient object at 0x102c12730>, user_id = 3\n\n    @pytest.mark.parametrize(\"user_id\", [1, 2, 3, 4, 5, 6, 7, 8, 9, 10])\n    def test_get_user_by_id_parametrized(api_client, db, user_id):\n        users_api = UsersAPI(api_client.base_url)\n        resp = users_api.get_user_by_id(user_id)\n        assert resp.status_code == 200\n        assert resp.elapsed.total_seconds() < 2\n        user_data = resp.json()\n        validate_schema(user_data, \"data/schemas/user_schema.json\")\n        for field in [\"id\", \"name\", \"username\", \"email\"]:\n            assert field in user_data\n        assert is_valid_email(user_data[\"email\"])\n        db_user = [row for row in db.fetchall(\"users\") if row[0] == user_id]\n>       assert db_user, f\"User {user_id} not found in DB\"\nE       AssertionError: User 3 not found in DB\nE       assert []\n\ntests/test_users.py:85: AssertionError","steps":[],"attachments":[{"uid":"35b17160fe81a4aa","name":"Response for https://jsonplaceholder.typicode.com/users/3","source":"35b17160fe81a4aa.json","type":"application/json","size":444},{"uid":"c5b64e3a0255f6df","name":"log","source":"c5b64e3a0255f6df.txt","type":"text/plain","size":659},{"uid":"ccc5eb0dc1007f8b","name":"stderr","source":"ccc5eb0dc1007f8b.txt","type":"text/plain","size":675}],"parameters":[],"shouldDisplayMessage":true,"attachmentsCount":3,"stepsCount":0,"hasContent":true,"attachmentStep":false},"afterStages":[],"labels":[{"name":"parentSuite","value":"tests"},{"name":"suite","value":"test_users"},{"name":"host","value":"GS-6209.lan"},{"name":"thread","value":"29764-MainThread"},{"name":"framework","value":"pytest"},{"name":"language","value":"cpython3"},{"name":"package","value":"tests.test_users"},{"name":"resultFormat","value":"allure2"}],"parameters":[{"name":"user_id","value":"3"}],"links":[],"hidden":true,"retry":true,"extra":{"categories":[],"tags":[]},"source":"30575e2adbfeec95.json","parameterValues":["3"]}