{"uid":"33489b1a87682cee","name":"test_get_post_by_id_parametrized[3]","fullName":"tests.test_posts#test_get_post_by_id_parametrized","historyId":"be531b389d25fa23cb841ab88dac2011","time":{"start":1769337288739,"stop":1769337289007,"duration":268},"status":"failed","statusMessage":"AssertionError: Post 3 not found in DB\nassert []","statusTrace":"api_client = <src.api.base_client.BaseClient object at 0x1075204f0>\ndb = <db.sqlite_client.SQLiteClient object at 0x1077e3430>, post_id = 3\n\n    @pytest.mark.parametrize(\"post_id\", [1, 2, 3, 4, 5, 6, 7, 8, 9, 10])\n    def test_get_post_by_id_parametrized(api_client, db, post_id):\n        posts_api = PostsAPI(api_client.base_url)\n        resp = posts_api.get_post_by_id(post_id)\n        assert resp.status_code == 200\n        assert resp.elapsed.total_seconds() < 2\n        post_data = resp.json()\n        validate_schema(post_data, \"data/schemas/post_schema.json\")\n        for field in [\"id\", \"userId\", \"title\", \"body\"]:\n            assert field in post_data\n        db_post = [row for row in db.fetchall(\"posts\") if row[0] == post_id]\n>       assert db_post, f\"Post {post_id} not found in DB\"\nE       AssertionError: Post 3 not found in DB\nE       assert []\n\ntests/test_posts.py:53: AssertionError","flaky":false,"newFailed":false,"newBroken":false,"newPassed":false,"retriesCount":0,"retriesStatusChange":false,"beforeStages":[{"name":"config","time":{"start":1769337288729,"stop":1769337288730,"duration":1},"status":"passed","steps":[],"attachments":[],"parameters":[],"shouldDisplayMessage":false,"attachmentsCount":0,"stepsCount":0,"hasContent":false,"attachmentStep":false},{"name":"base_url","time":{"start":1769337288730,"stop":1769337288730,"duration":0},"status":"passed","steps":[],"attachments":[],"parameters":[],"shouldDisplayMessage":false,"attachmentsCount":0,"stepsCount":0,"hasContent":false,"attachmentStep":false},{"name":"api_client","time":{"start":1769337288730,"stop":1769337288731,"duration":1},"status":"passed","steps":[],"attachments":[],"parameters":[],"shouldDisplayMessage":false,"attachmentsCount":0,"stepsCount":0,"hasContent":false,"attachmentStep":false},{"name":"db","time":{"start":1769337288731,"stop":1769337288732,"duration":1},"status":"passed","steps":[],"attachments":[],"parameters":[],"shouldDisplayMessage":false,"attachmentsCount":0,"stepsCount":0,"hasContent":false,"attachmentStep":false}],"testStage":{"status":"failed","statusMessage":"AssertionError: Post 3 not found in DB\nassert []","statusTrace":"api_client = <src.api.base_client.BaseClient object at 0x1075204f0>\ndb = <db.sqlite_client.SQLiteClient object at 0x1077e3430>, post_id = 3\n\n    @pytest.mark.parametrize(\"post_id\", [1, 2, 3, 4, 5, 6, 7, 8, 9, 10])\n    def test_get_post_by_id_parametrized(api_client, db, post_id):\n        posts_api = PostsAPI(api_client.base_url)\n        resp = posts_api.get_post_by_id(post_id)\n        assert resp.status_code == 200\n        assert resp.elapsed.total_seconds() < 2\n        post_data = resp.json()\n        validate_schema(post_data, \"data/schemas/post_schema.json\")\n        for field in [\"id\", \"userId\", \"title\", \"body\"]:\n            assert field in post_data\n        db_post = [row for row in db.fetchall(\"posts\") if row[0] == post_id]\n>       assert db_post, f\"Post {post_id} not found in DB\"\nE       AssertionError: Post 3 not found in DB\nE       assert []\n\ntests/test_posts.py:53: AssertionError","steps":[],"attachments":[{"uid":"f4df1089a29077bc","name":"Response for https://jsonplaceholder.typicode.com/posts/3","source":"f4df1089a29077bc.json","type":"application/json","size":273},{"uid":"b3dfc30c92a9986","name":"log","source":"b3dfc30c92a9986.txt","type":"text/plain","size":488},{"uid":"56e511dfea8c15e5","name":"stderr","source":"56e511dfea8c15e5.txt","type":"text/plain","size":504}],"parameters":[],"shouldDisplayMessage":true,"attachmentsCount":3,"stepsCount":0,"hasContent":true,"attachmentStep":false},"afterStages":[],"labels":[{"name":"parentSuite","value":"tests"},{"name":"suite","value":"test_posts"},{"name":"host","value":"GS-6209.lan"},{"name":"thread","value":"29196-MainThread"},{"name":"framework","value":"pytest"},{"name":"language","value":"cpython3"},{"name":"package","value":"tests.test_posts"},{"name":"resultFormat","value":"allure2"}],"parameters":[{"name":"post_id","value":"3"}],"links":[],"hidden":true,"retry":true,"extra":{"categories":[],"tags":[]},"source":"33489b1a87682cee.json","parameterValues":["3"]}