{"uid":"43391fe1db756732","name":"test_get_todos_by_userid_validations","fullName":"tests.test_todos#test_get_todos_by_userid_validations","historyId":"c989b777aee475289319ecaf5e4f4301","time":{"start":1769619929142,"stop":1769619937201,"duration":8059},"status":"failed","statusMessage":"AssertionError: assert 2.9173 < 2\n +  where 2.9173 = <built-in method total_seconds of datetime.timedelta object at 0x105db95a0>()\n +    where <built-in method total_seconds of datetime.timedelta object at 0x105db95a0> = datetime.timedelta(seconds=2, microseconds=917300).total_seconds\n +      where datetime.timedelta(seconds=2, microseconds=917300) = <Response [200]>.elapsed","statusTrace":"api_client = <src.api.base_client.BaseClient object at 0x105bf1c10>, db = <db.sqlite_client.SQLiteClient object at 0x105d4bca0>\n\n    @pytest.mark.contract\n    def test_get_todos_by_userid_validations(api_client, db):\n        todos_api = TodosAPI(api_client.base_url)\n        users_api = UsersAPI(api_client.base_url)\n        users = users_api.get_users().json()\n        for user in users:\n            user_id = user[\"id\"]\n            resp = todos_api.get_todos_by_user(user_id)\n            assert resp.status_code == 200\n>           assert resp.elapsed.total_seconds() < 2\nE           assert 2.9173 < 2\nE            +  where 2.9173 = <built-in method total_seconds of datetime.timedelta object at 0x105db95a0>()\nE            +    where <built-in method total_seconds of datetime.timedelta object at 0x105db95a0> = datetime.timedelta(seconds=2, microseconds=917300).total_seconds\nE            +      where datetime.timedelta(seconds=2, microseconds=917300) = <Response [200]>.elapsed\n\ntests/test_todos.py:45: AssertionError","flaky":false,"newFailed":false,"newBroken":false,"newPassed":false,"retriesCount":0,"retriesStatusChange":false,"beforeStages":[{"name":"config","time":{"start":1769619915923,"stop":1769619915926,"duration":3},"status":"passed","steps":[],"attachments":[],"parameters":[],"shouldDisplayMessage":false,"attachmentsCount":0,"stepsCount":0,"hasContent":false,"attachmentStep":false},{"name":"base_url","time":{"start":1769619915926,"stop":1769619915926,"duration":0},"status":"passed","steps":[],"attachments":[],"parameters":[],"shouldDisplayMessage":false,"attachmentsCount":0,"stepsCount":0,"hasContent":false,"attachmentStep":false},{"name":"api_client","time":{"start":1769619915926,"stop":1769619915926,"duration":0},"status":"passed","steps":[],"attachments":[],"parameters":[],"shouldDisplayMessage":false,"attachmentsCount":0,"stepsCount":0,"hasContent":false,"attachmentStep":false},{"name":"db","time":{"start":1769619923408,"stop":1769619923411,"duration":3},"status":"passed","steps":[],"attachments":[],"parameters":[],"shouldDisplayMessage":false,"attachmentsCount":0,"stepsCount":0,"hasContent":false,"attachmentStep":false}],"testStage":{"status":"failed","statusMessage":"AssertionError: assert 2.9173 < 2\n +  where 2.9173 = <built-in method total_seconds of datetime.timedelta object at 0x105db95a0>()\n +    where <built-in method total_seconds of datetime.timedelta object at 0x105db95a0> = datetime.timedelta(seconds=2, microseconds=917300).total_seconds\n +      where datetime.timedelta(seconds=2, microseconds=917300) = <Response [200]>.elapsed","statusTrace":"api_client = <src.api.base_client.BaseClient object at 0x105bf1c10>, db = <db.sqlite_client.SQLiteClient object at 0x105d4bca0>\n\n    @pytest.mark.contract\n    def test_get_todos_by_userid_validations(api_client, db):\n        todos_api = TodosAPI(api_client.base_url)\n        users_api = UsersAPI(api_client.base_url)\n        users = users_api.get_users().json()\n        for user in users:\n            user_id = user[\"id\"]\n            resp = todos_api.get_todos_by_user(user_id)\n            assert resp.status_code == 200\n>           assert resp.elapsed.total_seconds() < 2\nE           assert 2.9173 < 2\nE            +  where 2.9173 = <built-in method total_seconds of datetime.timedelta object at 0x105db95a0>()\nE            +    where <built-in method total_seconds of datetime.timedelta object at 0x105db95a0> = datetime.timedelta(seconds=2, microseconds=917300).total_seconds\nE            +      where datetime.timedelta(seconds=2, microseconds=917300) = <Response [200]>.elapsed\n\ntests/test_todos.py:45: AssertionError","steps":[],"attachments":[{"uid":"788d478652ff0e9a","name":"Response for https://jsonplaceholder.typicode.com/users","source":"788d478652ff0e9a.json","type":"application/json","size":4423},{"uid":"835d797447cd3684","name":"Response for https://jsonplaceholder.typicode.com/todos","source":"835d797447cd3684.json","type":"application/json","size":1829},{"uid":"7fe809547118d5d2","name":"Response for https://jsonplaceholder.typicode.com/todos","source":"7fe809547118d5d2.json","type":"application/json","size":1926},{"uid":"1b5ab46e9b200281","name":"Response for https://jsonplaceholder.typicode.com/todos","source":"1b5ab46e9b200281.json","type":"application/json","size":2116},{"uid":"e4cf92468ecf7f7b","name":"Response for https://jsonplaceholder.typicode.com/todos","source":"e4cf92468ecf7f7b.json","type":"application/json","size":2092},{"uid":"176a2eaa54933607","name":"Response for https://jsonplaceholder.typicode.com/todos","source":"176a2eaa54933607.json","type":"application/json","size":1912},{"uid":"f0fc34479b71c784","name":"Response for https://jsonplaceholder.typicode.com/todos","source":"f0fc34479b71c784.json","type":"application/json","size":2025},{"uid":"f42350e47f36d5d2","name":"Response for https://jsonplaceholder.typicode.com/todos","source":"f42350e47f36d5d2.json","type":"application/json","size":1961},{"uid":"c9af451718b7c6ad","name":"log","source":"c9af451718b7c6ad.txt","type":"text/plain","size":20058},{"uid":"dfbd46cfd40d4cc7","name":"stderr","source":"dfbd46cfd40d4cc7.txt","type":"text/plain","size":20179}],"parameters":[],"shouldDisplayMessage":true,"attachmentsCount":10,"stepsCount":0,"hasContent":true,"attachmentStep":false},"afterStages":[],"labels":[{"name":"tag","value":"contract"},{"name":"parentSuite","value":"tests"},{"name":"suite","value":"test_todos"},{"name":"host","value":"GS-6209.lan"},{"name":"thread","value":"42176-MainThread"},{"name":"framework","value":"pytest"},{"name":"language","value":"cpython3"},{"name":"package","value":"tests.test_todos"},{"name":"resultFormat","value":"allure2"}],"parameters":[],"links":[],"hidden":true,"retry":true,"extra":{"categories":[],"tags":["contract"]},"source":"43391fe1db756732.json","parameterValues":[]}