{"uid":"4410358efe62cac7","name":"test_get_albums_by_userid_validations","fullName":"tests.test_albums#test_get_albums_by_userid_validations","historyId":"db982ae9dc73d1bd0b6bc3cb52e6906a","time":{"start":1769618137542,"stop":1769618141151,"duration":3609},"status":"failed","statusMessage":"AssertionError: assert 2.75737 < 2\n +  where 2.75737 = <built-in method total_seconds of datetime.timedelta object at 0x1040d4ab0>()\n +    where <built-in method total_seconds of datetime.timedelta object at 0x1040d4ab0> = datetime.timedelta(seconds=2, microseconds=757370).total_seconds\n +      where datetime.timedelta(seconds=2, microseconds=757370) = <Response [200]>.elapsed","statusTrace":"api_client = <src.api.base_client.BaseClient object at 0x10438dcd0>, db = <db.sqlite_client.SQLiteClient object at 0x104484f10>\n\n    @pytest.mark.contract\n    def test_get_albums_by_userid_validations(api_client, db):\n        albums_api = AlbumsAPI(api_client.base_url)\n        users_api = UsersAPI(api_client.base_url)\n        users = users_api.get_users().json()\n        for user in users:\n            user_id = user[\"id\"]\n            resp = albums_api.get_albums_by_user(user_id)\n            assert resp.status_code == 200\n>           assert resp.elapsed.total_seconds() < 2\nE           assert 2.75737 < 2\nE            +  where 2.75737 = <built-in method total_seconds of datetime.timedelta object at 0x1040d4ab0>()\nE            +    where <built-in method total_seconds of datetime.timedelta object at 0x1040d4ab0> = datetime.timedelta(seconds=2, microseconds=757370).total_seconds\nE            +      where datetime.timedelta(seconds=2, microseconds=757370) = <Response [200]>.elapsed\n\ntests/test_albums.py:29: AssertionError","flaky":false,"newFailed":false,"newBroken":false,"newPassed":false,"retriesCount":0,"retriesStatusChange":false,"beforeStages":[{"name":"config","time":{"start":1769618134704,"stop":1769618134705,"duration":1},"status":"passed","steps":[],"attachments":[],"parameters":[],"shouldDisplayMessage":false,"attachmentsCount":0,"stepsCount":0,"hasContent":false,"attachmentStep":false},{"name":"api_client","time":{"start":1769618134705,"stop":1769618134706,"duration":1},"status":"passed","steps":[],"attachments":[],"parameters":[],"shouldDisplayMessage":false,"attachmentsCount":0,"stepsCount":0,"hasContent":false,"attachmentStep":false},{"name":"base_url","time":{"start":1769618134705,"stop":1769618134705,"duration":0},"status":"passed","steps":[],"attachments":[],"parameters":[],"shouldDisplayMessage":false,"attachmentsCount":0,"stepsCount":0,"hasContent":false,"attachmentStep":false},{"name":"db","time":{"start":1769618134706,"stop":1769618134708,"duration":2},"status":"passed","steps":[],"attachments":[],"parameters":[],"shouldDisplayMessage":false,"attachmentsCount":0,"stepsCount":0,"hasContent":false,"attachmentStep":false}],"testStage":{"status":"failed","statusMessage":"AssertionError: assert 2.75737 < 2\n +  where 2.75737 = <built-in method total_seconds of datetime.timedelta object at 0x1040d4ab0>()\n +    where <built-in method total_seconds of datetime.timedelta object at 0x1040d4ab0> = datetime.timedelta(seconds=2, microseconds=757370).total_seconds\n +      where datetime.timedelta(seconds=2, microseconds=757370) = <Response [200]>.elapsed","statusTrace":"api_client = <src.api.base_client.BaseClient object at 0x10438dcd0>, db = <db.sqlite_client.SQLiteClient object at 0x104484f10>\n\n    @pytest.mark.contract\n    def test_get_albums_by_userid_validations(api_client, db):\n        albums_api = AlbumsAPI(api_client.base_url)\n        users_api = UsersAPI(api_client.base_url)\n        users = users_api.get_users().json()\n        for user in users:\n            user_id = user[\"id\"]\n            resp = albums_api.get_albums_by_user(user_id)\n            assert resp.status_code == 200\n>           assert resp.elapsed.total_seconds() < 2\nE           assert 2.75737 < 2\nE            +  where 2.75737 = <built-in method total_seconds of datetime.timedelta object at 0x1040d4ab0>()\nE            +    where <built-in method total_seconds of datetime.timedelta object at 0x1040d4ab0> = datetime.timedelta(seconds=2, microseconds=757370).total_seconds\nE            +      where datetime.timedelta(seconds=2, microseconds=757370) = <Response [200]>.elapsed\n\ntests/test_albums.py:29: AssertionError","steps":[],"attachments":[{"uid":"3fc3a2e56f7b028f","name":"Response for https://jsonplaceholder.typicode.com/users","source":"3fc3a2e56f7b028f.json","type":"application/json","size":4423},{"uid":"7d831aec6a797954","name":"Response for https://jsonplaceholder.typicode.com/albums","source":"7d831aec6a797954.json","type":"application/json","size":634},{"uid":"fe32a8d6f3ae8408","name":"log","source":"fe32a8d6f3ae8408.txt","type":"text/plain","size":5494},{"uid":"e8ad1a7964907dca","name":"stderr","source":"e8ad1a7964907dca.txt","type":"text/plain","size":5525}],"parameters":[],"shouldDisplayMessage":true,"attachmentsCount":4,"stepsCount":0,"hasContent":true,"attachmentStep":false},"afterStages":[],"labels":[{"name":"tag","value":"contract"},{"name":"parentSuite","value":"tests"},{"name":"suite","value":"test_albums"},{"name":"host","value":"GS-6209.lan"},{"name":"thread","value":"41419-MainThread"},{"name":"framework","value":"pytest"},{"name":"language","value":"cpython3"},{"name":"package","value":"tests.test_albums"},{"name":"resultFormat","value":"allure2"}],"parameters":[],"links":[],"hidden":true,"retry":true,"extra":{"categories":[],"tags":["contract"]},"source":"4410358efe62cac7.json","parameterValues":[]}