{"uid":"45d9c0c604e76d75","name":"test_get_posts_by_userid_validations","fullName":"tests.test_posts#test_get_posts_by_userid_validations","historyId":"6f15841b372509e46cc9f6cc7cbe1fba","time":{"start":1769619017800,"stop":1769619027569,"duration":9769},"status":"failed","statusMessage":"AssertionError: assert 7.236923 < 2\n +  where 7.236923 = <built-in method total_seconds of datetime.timedelta object at 0x1038de1e0>()\n +    where <built-in method total_seconds of datetime.timedelta object at 0x1038de1e0> = datetime.timedelta(seconds=7, microseconds=236923).total_seconds\n +      where datetime.timedelta(seconds=7, microseconds=236923) = <Response [200]>.elapsed","statusTrace":"api_client = <src.api.base_client.BaseClient object at 0x103977580>, db = <db.sqlite_client.SQLiteClient object at 0x103aa1cd0>\n\n    @pytest.mark.contract\n    def test_get_posts_by_userid_validations(api_client, db):\n        posts_api = PostsAPI(api_client.base_url)\n        users_api = UsersAPI(api_client.base_url)\n        users = users_api.get_users().json()\n        for user in users:\n            user_id = user[\"id\"]\n            resp = posts_api.get_posts_by_user(user_id)\n            assert resp.status_code == 200\n>           assert resp.elapsed.total_seconds() < 2\nE           assert 7.236923 < 2\nE            +  where 7.236923 = <built-in method total_seconds of datetime.timedelta object at 0x1038de1e0>()\nE            +    where <built-in method total_seconds of datetime.timedelta object at 0x1038de1e0> = datetime.timedelta(seconds=7, microseconds=236923).total_seconds\nE            +      where datetime.timedelta(seconds=7, microseconds=236923) = <Response [200]>.elapsed\n\ntests/test_posts.py:80: AssertionError","flaky":false,"newFailed":false,"newBroken":false,"newPassed":false,"retriesCount":0,"retriesStatusChange":false,"beforeStages":[{"name":"config","time":{"start":1769619013338,"stop":1769619013341,"duration":3},"status":"passed","steps":[],"attachments":[],"parameters":[],"shouldDisplayMessage":false,"attachmentsCount":0,"stepsCount":0,"hasContent":false,"attachmentStep":false},{"name":"api_client","time":{"start":1769619013341,"stop":1769619013341,"duration":0},"status":"passed","steps":[],"attachments":[],"parameters":[],"shouldDisplayMessage":false,"attachmentsCount":0,"stepsCount":0,"hasContent":false,"attachmentStep":false},{"name":"base_url","time":{"start":1769619013341,"stop":1769619013341,"duration":0},"status":"passed","steps":[],"attachments":[],"parameters":[],"shouldDisplayMessage":false,"attachmentsCount":0,"stepsCount":0,"hasContent":false,"attachmentStep":false},{"name":"db","time":{"start":1769619017790,"stop":1769619017792,"duration":2},"status":"passed","steps":[],"attachments":[],"parameters":[],"shouldDisplayMessage":false,"attachmentsCount":0,"stepsCount":0,"hasContent":false,"attachmentStep":false}],"testStage":{"status":"failed","statusMessage":"AssertionError: assert 7.236923 < 2\n +  where 7.236923 = <built-in method total_seconds of datetime.timedelta object at 0x1038de1e0>()\n +    where <built-in method total_seconds of datetime.timedelta object at 0x1038de1e0> = datetime.timedelta(seconds=7, microseconds=236923).total_seconds\n +      where datetime.timedelta(seconds=7, microseconds=236923) = <Response [200]>.elapsed","statusTrace":"api_client = <src.api.base_client.BaseClient object at 0x103977580>, db = <db.sqlite_client.SQLiteClient object at 0x103aa1cd0>\n\n    @pytest.mark.contract\n    def test_get_posts_by_userid_validations(api_client, db):\n        posts_api = PostsAPI(api_client.base_url)\n        users_api = UsersAPI(api_client.base_url)\n        users = users_api.get_users().json()\n        for user in users:\n            user_id = user[\"id\"]\n            resp = posts_api.get_posts_by_user(user_id)\n            assert resp.status_code == 200\n>           assert resp.elapsed.total_seconds() < 2\nE           assert 7.236923 < 2\nE            +  where 7.236923 = <built-in method total_seconds of datetime.timedelta object at 0x1038de1e0>()\nE            +    where <built-in method total_seconds of datetime.timedelta object at 0x1038de1e0> = datetime.timedelta(seconds=7, microseconds=236923).total_seconds\nE            +      where datetime.timedelta(seconds=7, microseconds=236923) = <Response [200]>.elapsed\n\ntests/test_posts.py:80: AssertionError","steps":[],"attachments":[{"uid":"200b20d89b80914a","name":"Response for https://jsonplaceholder.typicode.com/users","source":"200b20d89b80914a.json","type":"application/json","size":4423},{"uid":"36a07bde135a42dc","name":"Response for https://jsonplaceholder.typicode.com/posts","source":"36a07bde135a42dc.json","type":"application/json","size":2504},{"uid":"3a8194c53124ceed","name":"log","source":"3a8194c53124ceed.txt","type":"text/plain","size":7363},{"uid":"c166665ee19b61d8","name":"stderr","source":"c166665ee19b61d8.txt","type":"text/plain","size":7394}],"parameters":[],"shouldDisplayMessage":true,"attachmentsCount":4,"stepsCount":0,"hasContent":true,"attachmentStep":false},"afterStages":[],"labels":[{"name":"tag","value":"contract"},{"name":"parentSuite","value":"tests"},{"name":"suite","value":"test_posts"},{"name":"host","value":"GS-6209.lan"},{"name":"thread","value":"41666-MainThread"},{"name":"framework","value":"pytest"},{"name":"language","value":"cpython3"},{"name":"package","value":"tests.test_posts"},{"name":"resultFormat","value":"allure2"}],"parameters":[],"links":[],"hidden":true,"retry":true,"extra":{"categories":[],"tags":["contract"]},"source":"45d9c0c604e76d75.json","parameterValues":[]}