{"uid":"4657c3085b3f2dc9","name":"test_get_comments_contract","fullName":"tests.test_comments#test_get_comments_contract","historyId":"704eb4bf640eefcb281c793935a045d1","time":{"start":1769618359114,"stop":1769618374920,"duration":15806},"status":"failed","statusMessage":"AssertionError: Response time too high: 3.877741s\nassert 3.877741 < 3\n +  where 3.877741 = <built-in method total_seconds of datetime.timedelta object at 0x120792480>()\n +    where <built-in method total_seconds of datetime.timedelta object at 0x120792480> = datetime.timedelta(seconds=3, microseconds=877741).total_seconds\n +      where datetime.timedelta(seconds=3, microseconds=877741) = <Response [200]>.elapsed","statusTrace":"api_client = <src.api.base_client.BaseClient object at 0x1207607f0>, db = <db.sqlite_client.SQLiteClient object at 0x12071c670>\n\n    @pytest.mark.contract\n    def test_get_comments_contract(api_client, db):\n        comments_api = CommentsAPI(api_client.base_url)\n        resp = comments_api.get_comments()\n        # Response time validation (e.g., must be < 3 seconds)\n>       assert resp.elapsed.total_seconds() < 3, f\"Response time too high: {resp.elapsed.total_seconds()}s\"\nE       AssertionError: Response time too high: 3.877741s\nE       assert 3.877741 < 3\nE        +  where 3.877741 = <built-in method total_seconds of datetime.timedelta object at 0x120792480>()\nE        +    where <built-in method total_seconds of datetime.timedelta object at 0x120792480> = datetime.timedelta(seconds=3, microseconds=877741).total_seconds\nE        +      where datetime.timedelta(seconds=3, microseconds=877741) = <Response [200]>.elapsed\n\ntests/test_comments.py:21: AssertionError","flaky":false,"newFailed":false,"newBroken":false,"newPassed":false,"retriesCount":0,"retriesStatusChange":false,"beforeStages":[{"name":"config","time":{"start":1769618353886,"stop":1769618353891,"duration":5},"status":"passed","steps":[],"attachments":[],"parameters":[],"shouldDisplayMessage":false,"attachmentsCount":0,"stepsCount":0,"hasContent":false,"attachmentStep":false},{"name":"base_url","time":{"start":1769618353891,"stop":1769618353891,"duration":0},"status":"passed","steps":[],"attachments":[],"parameters":[],"shouldDisplayMessage":false,"attachmentsCount":0,"stepsCount":0,"hasContent":false,"attachmentStep":false},{"name":"api_client","time":{"start":1769618353891,"stop":1769618353892,"duration":1},"status":"passed","steps":[],"attachments":[],"parameters":[],"shouldDisplayMessage":false,"attachmentsCount":0,"stepsCount":0,"hasContent":false,"attachmentStep":false},{"name":"db","time":{"start":1769618359100,"stop":1769618359102,"duration":2},"status":"passed","steps":[],"attachments":[],"parameters":[],"shouldDisplayMessage":false,"attachmentsCount":0,"stepsCount":0,"hasContent":false,"attachmentStep":false}],"testStage":{"status":"failed","statusMessage":"AssertionError: Response time too high: 3.877741s\nassert 3.877741 < 3\n +  where 3.877741 = <built-in method total_seconds of datetime.timedelta object at 0x120792480>()\n +    where <built-in method total_seconds of datetime.timedelta object at 0x120792480> = datetime.timedelta(seconds=3, microseconds=877741).total_seconds\n +      where datetime.timedelta(seconds=3, microseconds=877741) = <Response [200]>.elapsed","statusTrace":"api_client = <src.api.base_client.BaseClient object at 0x1207607f0>, db = <db.sqlite_client.SQLiteClient object at 0x12071c670>\n\n    @pytest.mark.contract\n    def test_get_comments_contract(api_client, db):\n        comments_api = CommentsAPI(api_client.base_url)\n        resp = comments_api.get_comments()\n        # Response time validation (e.g., must be < 3 seconds)\n>       assert resp.elapsed.total_seconds() < 3, f\"Response time too high: {resp.elapsed.total_seconds()}s\"\nE       AssertionError: Response time too high: 3.877741s\nE       assert 3.877741 < 3\nE        +  where 3.877741 = <built-in method total_seconds of datetime.timedelta object at 0x120792480>()\nE        +    where <built-in method total_seconds of datetime.timedelta object at 0x120792480> = datetime.timedelta(seconds=3, microseconds=877741).total_seconds\nE        +      where datetime.timedelta(seconds=3, microseconds=877741) = <Response [200]>.elapsed\n\ntests/test_comments.py:21: AssertionError","steps":[],"attachments":[{"uid":"72b8e604a5a7f785","name":"Response for https://jsonplaceholder.typicode.com/comments","source":"72b8e604a5a7f785.json","type":"application/json","size":144743},{"uid":"ccf650cf0afa7051","name":"log","source":"ccf650cf0afa7051.txt","type":"text/plain","size":144959},{"uid":"5e36c411e02743bc","name":"stderr","source":"5e36c411e02743bc.txt","type":"text/plain","size":144975}],"parameters":[],"shouldDisplayMessage":true,"attachmentsCount":3,"stepsCount":0,"hasContent":true,"attachmentStep":false},"afterStages":[],"labels":[{"name":"tag","value":"contract"},{"name":"parentSuite","value":"tests"},{"name":"suite","value":"test_comments"},{"name":"host","value":"GS-6209.lan"},{"name":"thread","value":"41494-MainThread"},{"name":"framework","value":"pytest"},{"name":"language","value":"cpython3"},{"name":"package","value":"tests.test_comments"},{"name":"resultFormat","value":"allure2"}],"parameters":[],"links":[],"hidden":true,"retry":true,"extra":{"categories":[],"tags":["contract"]},"source":"4657c3085b3f2dc9.json","parameterValues":[]}