{"uid":"5dc0f650caed3854","name":"test_get_post_by_id_parametrized[9]","fullName":"tests.test_posts#test_get_post_by_id_parametrized","historyId":"787daa90422ddc6f4feb600ec513baff","time":{"start":1769337115866,"stop":1769337116242,"duration":376},"status":"failed","statusMessage":"AssertionError: Post 9 not found in DB\nassert []","statusTrace":"api_client = <src.api.base_client.BaseClient object at 0x104da7970>, db = <db.sqlite_client.SQLiteClient object at 0x10506c610>, post_id = 9\n\n    @pytest.mark.parametrize(\"post_id\", [1, 2, 3, 4, 5, 6, 7, 8, 9, 10])\n    def test_get_post_by_id_parametrized(api_client, db, post_id):\n        posts_api = PostsAPI(api_client.base_url)\n        resp = posts_api.get_post_by_id(post_id)\n        assert resp.status_code == 200\n        assert resp.elapsed.total_seconds() < 2\n        post_data = resp.json()\n        validate_schema(post_data, \"data/schemas/post_schema.json\")\n        for field in [\"id\", \"userId\", \"title\", \"body\"]:\n            assert field in post_data\n        db_post = [row for row in db.fetchall(\"posts\") if row[0] == post_id]\n>       assert db_post, f\"Post {post_id} not found in DB\"\nE       AssertionError: Post 9 not found in DB\nE       assert []\n\ntests/test_posts.py:53: AssertionError","flaky":false,"newFailed":false,"newBroken":false,"newPassed":false,"retriesCount":0,"retriesStatusChange":false,"beforeStages":[{"name":"config","time":{"start":1769337115855,"stop":1769337115860,"duration":5},"status":"passed","steps":[],"attachments":[],"parameters":[],"shouldDisplayMessage":false,"attachmentsCount":0,"stepsCount":0,"hasContent":false,"attachmentStep":false},{"name":"base_url","time":{"start":1769337115860,"stop":1769337115860,"duration":0},"status":"passed","steps":[],"attachments":[],"parameters":[],"shouldDisplayMessage":false,"attachmentsCount":0,"stepsCount":0,"hasContent":false,"attachmentStep":false},{"name":"api_client","time":{"start":1769337115860,"stop":1769337115860,"duration":0},"status":"passed","steps":[],"attachments":[],"parameters":[],"shouldDisplayMessage":false,"attachmentsCount":0,"stepsCount":0,"hasContent":false,"attachmentStep":false},{"name":"db","time":{"start":1769337115860,"stop":1769337115861,"duration":1},"status":"passed","steps":[],"attachments":[],"parameters":[],"shouldDisplayMessage":false,"attachmentsCount":0,"stepsCount":0,"hasContent":false,"attachmentStep":false}],"testStage":{"status":"failed","statusMessage":"AssertionError: Post 9 not found in DB\nassert []","statusTrace":"api_client = <src.api.base_client.BaseClient object at 0x104da7970>, db = <db.sqlite_client.SQLiteClient object at 0x10506c610>, post_id = 9\n\n    @pytest.mark.parametrize(\"post_id\", [1, 2, 3, 4, 5, 6, 7, 8, 9, 10])\n    def test_get_post_by_id_parametrized(api_client, db, post_id):\n        posts_api = PostsAPI(api_client.base_url)\n        resp = posts_api.get_post_by_id(post_id)\n        assert resp.status_code == 200\n        assert resp.elapsed.total_seconds() < 2\n        post_data = resp.json()\n        validate_schema(post_data, \"data/schemas/post_schema.json\")\n        for field in [\"id\", \"userId\", \"title\", \"body\"]:\n            assert field in post_data\n        db_post = [row for row in db.fetchall(\"posts\") if row[0] == post_id]\n>       assert db_post, f\"Post {post_id} not found in DB\"\nE       AssertionError: Post 9 not found in DB\nE       assert []\n\ntests/test_posts.py:53: AssertionError","steps":[],"attachments":[{"uid":"ac75047aff02ab15","name":"Response for https://jsonplaceholder.typicode.com/posts/9","source":"ac75047aff02ab15.json","type":"application/json","size":236},{"uid":"a16713497907614a","name":"log","source":"a16713497907614a.txt","type":"text/plain","size":451},{"uid":"f04745f8090be9c4","name":"stderr","source":"f04745f8090be9c4.txt","type":"text/plain","size":467}],"parameters":[],"shouldDisplayMessage":true,"attachmentsCount":3,"stepsCount":0,"hasContent":true,"attachmentStep":false},"afterStages":[],"labels":[{"name":"parentSuite","value":"tests"},{"name":"suite","value":"test_posts"},{"name":"host","value":"GS-6209.lan"},{"name":"thread","value":"28453-MainThread"},{"name":"framework","value":"pytest"},{"name":"language","value":"cpython3"},{"name":"package","value":"tests.test_posts"},{"name":"resultFormat","value":"allure2"}],"parameters":[{"name":"post_id","value":"9"}],"links":[],"hidden":true,"retry":true,"extra":{"categories":[],"tags":[]},"source":"5dc0f650caed3854.json","parameterValues":["9"]}