{"uid":"682a044e75175d19","name":"test_get_post_by_id_parametrized[2]","fullName":"tests.test_posts#test_get_post_by_id_parametrized","historyId":"fb3be7e551afbadf6611b855faf91bc7","time":{"start":1769618136050,"stop":1769618139654,"duration":3604},"status":"failed","statusMessage":"AssertionError: Response time too high: 3.575786s\nassert 3.575786 < 3\n +  where 3.575786 = <built-in method total_seconds of datetime.timedelta object at 0x1030b9f30>()\n +    where <built-in method total_seconds of datetime.timedelta object at 0x1030b9f30> = datetime.timedelta(seconds=3, microseconds=575786).total_seconds\n +      where datetime.timedelta(seconds=3, microseconds=575786) = <Response [200]>.elapsed","statusTrace":"api_client = <src.api.base_client.BaseClient object at 0x103082280>, db = <db.sqlite_client.SQLiteClient object at 0x10308a8e0>, post_id = 2\n\n    @pytest.mark.parametrize(\"post_id\", [1, 2, 3, 4, 5, 6, 7, 8, 9, 10])\n    def test_get_post_by_id_parametrized(api_client, db, post_id):\n        posts_api = PostsAPI(api_client.base_url)\n        resp = posts_api.get_post_by_id(post_id)\n        assert resp.status_code == 200\n>       assert resp.elapsed.total_seconds() < 3, f\"Response time too high: {resp.elapsed.total_seconds()}s\"\nE       AssertionError: Response time too high: 3.575786s\nE       assert 3.575786 < 3\nE        +  where 3.575786 = <built-in method total_seconds of datetime.timedelta object at 0x1030b9f30>()\nE        +    where <built-in method total_seconds of datetime.timedelta object at 0x1030b9f30> = datetime.timedelta(seconds=3, microseconds=575786).total_seconds\nE        +      where datetime.timedelta(seconds=3, microseconds=575786) = <Response [200]>.elapsed\n\ntests/test_posts.py:56: AssertionError","flaky":false,"newFailed":false,"newBroken":false,"newPassed":false,"retriesCount":0,"retriesStatusChange":false,"beforeStages":[{"name":"config","time":{"start":1769618134704,"stop":1769618134706,"duration":2},"status":"passed","steps":[],"attachments":[],"parameters":[],"shouldDisplayMessage":false,"attachmentsCount":0,"stepsCount":0,"hasContent":false,"attachmentStep":false},{"name":"base_url","time":{"start":1769618134706,"stop":1769618134706,"duration":0},"status":"passed","steps":[],"attachments":[],"parameters":[],"shouldDisplayMessage":false,"attachmentsCount":0,"stepsCount":0,"hasContent":false,"attachmentStep":false},{"name":"api_client","time":{"start":1769618134706,"stop":1769618134707,"duration":1},"status":"passed","steps":[],"attachments":[],"parameters":[],"shouldDisplayMessage":false,"attachmentsCount":0,"stepsCount":0,"hasContent":false,"attachmentStep":false},{"name":"db","time":{"start":1769618134707,"stop":1769618134708,"duration":1},"status":"passed","steps":[],"attachments":[],"parameters":[],"shouldDisplayMessage":false,"attachmentsCount":0,"stepsCount":0,"hasContent":false,"attachmentStep":false}],"testStage":{"status":"failed","statusMessage":"AssertionError: Response time too high: 3.575786s\nassert 3.575786 < 3\n +  where 3.575786 = <built-in method total_seconds of datetime.timedelta object at 0x1030b9f30>()\n +    where <built-in method total_seconds of datetime.timedelta object at 0x1030b9f30> = datetime.timedelta(seconds=3, microseconds=575786).total_seconds\n +      where datetime.timedelta(seconds=3, microseconds=575786) = <Response [200]>.elapsed","statusTrace":"api_client = <src.api.base_client.BaseClient object at 0x103082280>, db = <db.sqlite_client.SQLiteClient object at 0x10308a8e0>, post_id = 2\n\n    @pytest.mark.parametrize(\"post_id\", [1, 2, 3, 4, 5, 6, 7, 8, 9, 10])\n    def test_get_post_by_id_parametrized(api_client, db, post_id):\n        posts_api = PostsAPI(api_client.base_url)\n        resp = posts_api.get_post_by_id(post_id)\n        assert resp.status_code == 200\n>       assert resp.elapsed.total_seconds() < 3, f\"Response time too high: {resp.elapsed.total_seconds()}s\"\nE       AssertionError: Response time too high: 3.575786s\nE       assert 3.575786 < 3\nE        +  where 3.575786 = <built-in method total_seconds of datetime.timedelta object at 0x1030b9f30>()\nE        +    where <built-in method total_seconds of datetime.timedelta object at 0x1030b9f30> = datetime.timedelta(seconds=3, microseconds=575786).total_seconds\nE        +      where datetime.timedelta(seconds=3, microseconds=575786) = <Response [200]>.elapsed\n\ntests/test_posts.py:56: AssertionError","steps":[],"attachments":[{"uid":"a79e504659b10d5c","name":"Response for https://jsonplaceholder.typicode.com/posts/2","source":"a79e504659b10d5c.json","type":"application/json","size":268},{"uid":"77120ca3995ccb7e","name":"log","source":"77120ca3995ccb7e.txt","type":"text/plain","size":483},{"uid":"284ac2d9bea20034","name":"stderr","source":"284ac2d9bea20034.txt","type":"text/plain","size":499}],"parameters":[],"shouldDisplayMessage":true,"attachmentsCount":3,"stepsCount":0,"hasContent":true,"attachmentStep":false},"afterStages":[],"labels":[{"name":"parentSuite","value":"tests"},{"name":"suite","value":"test_posts"},{"name":"host","value":"GS-6209.lan"},{"name":"thread","value":"41433-MainThread"},{"name":"framework","value":"pytest"},{"name":"language","value":"cpython3"},{"name":"package","value":"tests.test_posts"},{"name":"resultFormat","value":"allure2"}],"parameters":[{"name":"post_id","value":"2"}],"links":[],"hidden":true,"retry":true,"extra":{"categories":[],"tags":[]},"source":"682a044e75175d19.json","parameterValues":["2"]}