{"uid":"707950cdc229029b","name":"test_get_albums_by_userid_validations","fullName":"tests.test_albums#test_get_albums_by_userid_validations","historyId":"db982ae9dc73d1bd0b6bc3cb52e6906a","time":{"start":1769619916853,"stop":1769619933285,"duration":16432},"status":"failed","statusMessage":"AssertionError: assert 13.928991 < 12\n +  where 13.928991 = <built-in method total_seconds of datetime.timedelta object at 0x1048fcdb0>()\n +    where <built-in method total_seconds of datetime.timedelta object at 0x1048fcdb0> = datetime.timedelta(seconds=13, microseconds=928991).total_seconds\n +      where datetime.timedelta(seconds=13, microseconds=928991) = <Response [200]>.elapsed","statusTrace":"api_client = <src.api.base_client.BaseClient object at 0x105964880>, db = <db.sqlite_client.SQLiteClient object at 0x105cb0b50>\n\n    @pytest.mark.contract\n    def test_get_albums_by_userid_validations(api_client, db):\n        albums_api = AlbumsAPI(api_client.base_url)\n        users_api = UsersAPI(api_client.base_url)\n        users = users_api.get_users().json()\n        for user in users:\n            user_id = user[\"id\"]\n            resp = albums_api.get_albums_by_user(user_id)\n            assert resp.status_code == 200\n>           assert resp.elapsed.total_seconds() < 12\nE           assert 13.928991 < 12\nE            +  where 13.928991 = <built-in method total_seconds of datetime.timedelta object at 0x1048fcdb0>()\nE            +    where <built-in method total_seconds of datetime.timedelta object at 0x1048fcdb0> = datetime.timedelta(seconds=13, microseconds=928991).total_seconds\nE            +      where datetime.timedelta(seconds=13, microseconds=928991) = <Response [200]>.elapsed\n\ntests/test_albums.py:29: AssertionError","flaky":false,"newFailed":false,"newBroken":false,"newPassed":false,"retriesCount":0,"retriesStatusChange":false,"beforeStages":[{"name":"config","time":{"start":1769619915923,"stop":1769619915925,"duration":2},"status":"passed","steps":[],"attachments":[],"parameters":[],"shouldDisplayMessage":false,"attachmentsCount":0,"stepsCount":0,"hasContent":false,"attachmentStep":false},{"name":"base_url","time":{"start":1769619915925,"stop":1769619915925,"duration":0},"status":"passed","steps":[],"attachments":[],"parameters":[],"shouldDisplayMessage":false,"attachmentsCount":0,"stepsCount":0,"hasContent":false,"attachmentStep":false},{"name":"api_client","time":{"start":1769619915926,"stop":1769619915926,"duration":0},"status":"passed","steps":[],"attachments":[],"parameters":[],"shouldDisplayMessage":false,"attachmentsCount":0,"stepsCount":0,"hasContent":false,"attachmentStep":false},{"name":"db","time":{"start":1769619915926,"stop":1769619915927,"duration":1},"status":"passed","steps":[],"attachments":[],"parameters":[],"shouldDisplayMessage":false,"attachmentsCount":0,"stepsCount":0,"hasContent":false,"attachmentStep":false}],"testStage":{"status":"failed","statusMessage":"AssertionError: assert 13.928991 < 12\n +  where 13.928991 = <built-in method total_seconds of datetime.timedelta object at 0x1048fcdb0>()\n +    where <built-in method total_seconds of datetime.timedelta object at 0x1048fcdb0> = datetime.timedelta(seconds=13, microseconds=928991).total_seconds\n +      where datetime.timedelta(seconds=13, microseconds=928991) = <Response [200]>.elapsed","statusTrace":"api_client = <src.api.base_client.BaseClient object at 0x105964880>, db = <db.sqlite_client.SQLiteClient object at 0x105cb0b50>\n\n    @pytest.mark.contract\n    def test_get_albums_by_userid_validations(api_client, db):\n        albums_api = AlbumsAPI(api_client.base_url)\n        users_api = UsersAPI(api_client.base_url)\n        users = users_api.get_users().json()\n        for user in users:\n            user_id = user[\"id\"]\n            resp = albums_api.get_albums_by_user(user_id)\n            assert resp.status_code == 200\n>           assert resp.elapsed.total_seconds() < 12\nE           assert 13.928991 < 12\nE            +  where 13.928991 = <built-in method total_seconds of datetime.timedelta object at 0x1048fcdb0>()\nE            +    where <built-in method total_seconds of datetime.timedelta object at 0x1048fcdb0> = datetime.timedelta(seconds=13, microseconds=928991).total_seconds\nE            +      where datetime.timedelta(seconds=13, microseconds=928991) = <Response [200]>.elapsed\n\ntests/test_albums.py:29: AssertionError","steps":[],"attachments":[{"uid":"1e6be821ad3847c","name":"Response for https://jsonplaceholder.typicode.com/users","source":"1e6be821ad3847c.json","type":"application/json","size":4423},{"uid":"d7a2db5e6cdf0162","name":"Response for https://jsonplaceholder.typicode.com/albums","source":"d7a2db5e6cdf0162.json","type":"application/json","size":634},{"uid":"8929a96f137fd41c","name":"log","source":"8929a96f137fd41c.txt","type":"text/plain","size":5494},{"uid":"ca6ebc954843905","name":"stderr","source":"ca6ebc954843905.txt","type":"text/plain","size":5525}],"parameters":[],"shouldDisplayMessage":true,"attachmentsCount":4,"stepsCount":0,"hasContent":true,"attachmentStep":false},"afterStages":[],"labels":[{"name":"tag","value":"contract"},{"name":"parentSuite","value":"tests"},{"name":"suite","value":"test_albums"},{"name":"host","value":"GS-6209.lan"},{"name":"thread","value":"42169-MainThread"},{"name":"framework","value":"pytest"},{"name":"language","value":"cpython3"},{"name":"package","value":"tests.test_albums"},{"name":"resultFormat","value":"allure2"}],"parameters":[],"links":[],"hidden":true,"retry":true,"extra":{"categories":[],"tags":["contract"]},"source":"707950cdc229029b.json","parameterValues":[]}