{"uid":"73eb564dd23f5990","name":"test_get_user_by_id_parametrized[4]","fullName":"tests.test_users#test_get_user_by_id_parametrized","historyId":"9c3049e04345d8fba8b2094f49baab3b","time":{"start":1769619804890,"stop":1769619807664,"duration":2774},"status":"failed","statusMessage":"AssertionError: assert 2.759248 < 2\n +  where 2.759248 = <built-in method total_seconds of datetime.timedelta object at 0x1052d8720>()\n +    where <built-in method total_seconds of datetime.timedelta object at 0x1052d8720> = datetime.timedelta(seconds=2, microseconds=759248).total_seconds\n +      where datetime.timedelta(seconds=2, microseconds=759248) = <Response [200]>.elapsed","statusTrace":"api_client = <src.api.base_client.BaseClient object at 0x105144580>, db = <db.sqlite_client.SQLiteClient object at 0x10517bd60>, user_id = 4\n\n    @pytest.mark.parametrize(\"user_id\", [1, 2, 3, 4, 5, 6, 7, 8, 9, 10])\n    def test_get_user_by_id_parametrized(api_client, db, user_id):\n        users_api = UsersAPI(api_client.base_url)\n        resp = users_api.get_user_by_id(user_id)\n        assert resp.status_code == 200\n>       assert resp.elapsed.total_seconds() < 2\nE       assert 2.759248 < 2\nE        +  where 2.759248 = <built-in method total_seconds of datetime.timedelta object at 0x1052d8720>()\nE        +    where <built-in method total_seconds of datetime.timedelta object at 0x1052d8720> = datetime.timedelta(seconds=2, microseconds=759248).total_seconds\nE        +      where datetime.timedelta(seconds=2, microseconds=759248) = <Response [200]>.elapsed\n\ntests/test_users.py:88: AssertionError","flaky":false,"newFailed":false,"newBroken":false,"newPassed":false,"retriesCount":0,"retriesStatusChange":false,"beforeStages":[{"name":"config","time":{"start":1769619788527,"stop":1769619788529,"duration":2},"status":"passed","steps":[],"attachments":[],"parameters":[],"shouldDisplayMessage":false,"attachmentsCount":0,"stepsCount":0,"hasContent":false,"attachmentStep":false},{"name":"base_url","time":{"start":1769619788529,"stop":1769619788529,"duration":0},"status":"passed","steps":[],"attachments":[],"parameters":[],"shouldDisplayMessage":false,"attachmentsCount":0,"stepsCount":0,"hasContent":false,"attachmentStep":false},{"name":"api_client","time":{"start":1769619788529,"stop":1769619788529,"duration":0},"status":"passed","steps":[],"attachments":[],"parameters":[],"shouldDisplayMessage":false,"attachmentsCount":0,"stepsCount":0,"hasContent":false,"attachmentStep":false},{"name":"db","time":{"start":1769619793415,"stop":1769619793417,"duration":2},"status":"passed","steps":[],"attachments":[],"parameters":[],"shouldDisplayMessage":false,"attachmentsCount":0,"stepsCount":0,"hasContent":false,"attachmentStep":false}],"testStage":{"status":"failed","statusMessage":"AssertionError: assert 2.759248 < 2\n +  where 2.759248 = <built-in method total_seconds of datetime.timedelta object at 0x1052d8720>()\n +    where <built-in method total_seconds of datetime.timedelta object at 0x1052d8720> = datetime.timedelta(seconds=2, microseconds=759248).total_seconds\n +      where datetime.timedelta(seconds=2, microseconds=759248) = <Response [200]>.elapsed","statusTrace":"api_client = <src.api.base_client.BaseClient object at 0x105144580>, db = <db.sqlite_client.SQLiteClient object at 0x10517bd60>, user_id = 4\n\n    @pytest.mark.parametrize(\"user_id\", [1, 2, 3, 4, 5, 6, 7, 8, 9, 10])\n    def test_get_user_by_id_parametrized(api_client, db, user_id):\n        users_api = UsersAPI(api_client.base_url)\n        resp = users_api.get_user_by_id(user_id)\n        assert resp.status_code == 200\n>       assert resp.elapsed.total_seconds() < 2\nE       assert 2.759248 < 2\nE        +  where 2.759248 = <built-in method total_seconds of datetime.timedelta object at 0x1052d8720>()\nE        +    where <built-in method total_seconds of datetime.timedelta object at 0x1052d8720> = datetime.timedelta(seconds=2, microseconds=759248).total_seconds\nE        +      where datetime.timedelta(seconds=2, microseconds=759248) = <Response [200]>.elapsed\n\ntests/test_users.py:88: AssertionError","steps":[],"attachments":[{"uid":"cb2aeecd659b2dbb","name":"Response for https://jsonplaceholder.typicode.com/users/4","source":"cb2aeecd659b2dbb.json","type":"application/json","size":449},{"uid":"a8574ee761da746b","name":"log","source":"a8574ee761da746b.txt","type":"text/plain","size":664},{"uid":"3eead65b3e8dd95e","name":"stderr","source":"3eead65b3e8dd95e.txt","type":"text/plain","size":680}],"parameters":[],"shouldDisplayMessage":true,"attachmentsCount":3,"stepsCount":0,"hasContent":true,"attachmentStep":false},"afterStages":[],"labels":[{"name":"parentSuite","value":"tests"},{"name":"suite","value":"test_users"},{"name":"host","value":"GS-6209.lan"},{"name":"thread","value":"42081-MainThread"},{"name":"framework","value":"pytest"},{"name":"language","value":"cpython3"},{"name":"package","value":"tests.test_users"},{"name":"resultFormat","value":"allure2"}],"parameters":[{"name":"user_id","value":"4"}],"links":[],"hidden":true,"retry":true,"extra":{"categories":[],"tags":[]},"source":"73eb564dd23f5990.json","parameterValues":["4"]}