{"uid":"7709bcc55cb3b93a","name":"test_get_albums_contract","fullName":"tests.test_albums#test_get_albums_contract","historyId":"731ecfc972043d0c34a0f2ec3a1ac6d0","time":{"start":1769618353898,"stop":1769618365518,"duration":11620},"status":"failed","statusMessage":"AssertionError: Response time too high: 11.590821s\nassert 11.590821 < 2\n +  where 11.590821 = <built-in method total_seconds of datetime.timedelta object at 0x103bd58d0>()\n +    where <built-in method total_seconds of datetime.timedelta object at 0x103bd58d0> = datetime.timedelta(seconds=11, microseconds=590821).total_seconds\n +      where datetime.timedelta(seconds=11, microseconds=590821) = <Response [200]>.elapsed","statusTrace":"api_client = <src.api.base_client.BaseClient object at 0x103b45280>, db = <db.sqlite_client.SQLiteClient object at 0x103be8ac0>\n\n    @pytest.mark.contract\n    def test_get_albums_contract(api_client, db):\n        albums_api = AlbumsAPI(api_client.base_url)\n        resp = albums_api.get_albums()\n        # Response time validation (e.g., must be < 2 seconds)\n>       assert resp.elapsed.total_seconds() < 2, f\"Response time too high: {resp.elapsed.total_seconds()}s\"\nE       AssertionError: Response time too high: 11.590821s\nE       assert 11.590821 < 2\nE        +  where 11.590821 = <built-in method total_seconds of datetime.timedelta object at 0x103bd58d0>()\nE        +    where <built-in method total_seconds of datetime.timedelta object at 0x103bd58d0> = datetime.timedelta(seconds=11, microseconds=590821).total_seconds\nE        +      where datetime.timedelta(seconds=11, microseconds=590821) = <Response [200]>.elapsed\n\ntests/test_albums.py:11: AssertionError","flaky":false,"newFailed":false,"newBroken":false,"newPassed":false,"retriesCount":0,"retriesStatusChange":false,"beforeStages":[{"name":"config","time":{"start":1769618353887,"stop":1769618353892,"duration":5},"status":"passed","steps":[],"attachments":[],"parameters":[],"shouldDisplayMessage":false,"attachmentsCount":0,"stepsCount":0,"hasContent":false,"attachmentStep":false},{"name":"base_url","time":{"start":1769618353892,"stop":1769618353893,"duration":1},"status":"passed","steps":[],"attachments":[],"parameters":[],"shouldDisplayMessage":false,"attachmentsCount":0,"stepsCount":0,"hasContent":false,"attachmentStep":false},{"name":"api_client","time":{"start":1769618353893,"stop":1769618353893,"duration":0},"status":"passed","steps":[],"attachments":[],"parameters":[],"shouldDisplayMessage":false,"attachmentsCount":0,"stepsCount":0,"hasContent":false,"attachmentStep":false},{"name":"db","time":{"start":1769618353894,"stop":1769618353896,"duration":2},"status":"passed","steps":[],"attachments":[],"parameters":[],"shouldDisplayMessage":false,"attachmentsCount":0,"stepsCount":0,"hasContent":false,"attachmentStep":false}],"testStage":{"status":"failed","statusMessage":"AssertionError: Response time too high: 11.590821s\nassert 11.590821 < 2\n +  where 11.590821 = <built-in method total_seconds of datetime.timedelta object at 0x103bd58d0>()\n +    where <built-in method total_seconds of datetime.timedelta object at 0x103bd58d0> = datetime.timedelta(seconds=11, microseconds=590821).total_seconds\n +      where datetime.timedelta(seconds=11, microseconds=590821) = <Response [200]>.elapsed","statusTrace":"api_client = <src.api.base_client.BaseClient object at 0x103b45280>, db = <db.sqlite_client.SQLiteClient object at 0x103be8ac0>\n\n    @pytest.mark.contract\n    def test_get_albums_contract(api_client, db):\n        albums_api = AlbumsAPI(api_client.base_url)\n        resp = albums_api.get_albums()\n        # Response time validation (e.g., must be < 2 seconds)\n>       assert resp.elapsed.total_seconds() < 2, f\"Response time too high: {resp.elapsed.total_seconds()}s\"\nE       AssertionError: Response time too high: 11.590821s\nE       assert 11.590821 < 2\nE        +  where 11.590821 = <built-in method total_seconds of datetime.timedelta object at 0x103bd58d0>()\nE        +    where <built-in method total_seconds of datetime.timedelta object at 0x103bd58d0> = datetime.timedelta(seconds=11, microseconds=590821).total_seconds\nE        +      where datetime.timedelta(seconds=11, microseconds=590821) = <Response [200]>.elapsed\n\ntests/test_albums.py:11: AssertionError","steps":[],"attachments":[{"uid":"f22a078912ca983a","name":"Response for https://jsonplaceholder.typicode.com/albums","source":"f22a078912ca983a.json","type":"application/json","size":7531},{"uid":"9099775aa21ee047","name":"log","source":"9099775aa21ee047.txt","type":"text/plain","size":7745},{"uid":"6e519b22e8771187","name":"stderr","source":"6e519b22e8771187.txt","type":"text/plain","size":7761}],"parameters":[],"shouldDisplayMessage":true,"attachmentsCount":3,"stepsCount":0,"hasContent":true,"attachmentStep":false},"afterStages":[],"labels":[{"name":"tag","value":"contract"},{"name":"parentSuite","value":"tests"},{"name":"suite","value":"test_albums"},{"name":"host","value":"GS-6209.lan"},{"name":"thread","value":"41493-MainThread"},{"name":"framework","value":"pytest"},{"name":"language","value":"cpython3"},{"name":"package","value":"tests.test_albums"},{"name":"resultFormat","value":"allure2"}],"parameters":[],"links":[],"hidden":true,"retry":true,"extra":{"categories":[],"tags":["contract"]},"source":"7709bcc55cb3b93a.json","parameterValues":[]}