{"uid":"7bebd42dc6ff5752","name":"test_get_posts_by_userid_validations","fullName":"tests.test_posts#test_get_posts_by_userid_validations","historyId":"6f15841b372509e46cc9f6cc7cbe1fba","time":{"start":1769337288734,"stop":1769337291276,"duration":2542},"status":"failed","statusMessage":"AssertionError: assert 2.245162 < 2\n +  where 2.245162 = <built-in method total_seconds of datetime.timedelta object at 0x104d587b0>()\n +    where <built-in method total_seconds of datetime.timedelta object at 0x104d587b0> = datetime.timedelta(seconds=2, microseconds=245162).total_seconds\n +      where datetime.timedelta(seconds=2, microseconds=245162) = <Response [200]>.elapsed","statusTrace":"api_client = <src.api.base_client.BaseClient object at 0x104a67520>\ndb = <db.sqlite_client.SQLiteClient object at 0x104d2b430>\n\n    @pytest.mark.contract\n    def test_get_posts_by_userid_validations(api_client, db):\n        posts_api = PostsAPI(api_client.base_url)\n        users_api = UsersAPI(api_client.base_url)\n        users = users_api.get_users().json()\n        for user in users:\n            user_id = user[\"id\"]\n            resp = posts_api.get_posts_by_user(user_id)\n            assert resp.status_code == 200\n>           assert resp.elapsed.total_seconds() < 2\nE           assert 2.245162 < 2\nE            +  where 2.245162 = <built-in method total_seconds of datetime.timedelta object at 0x104d587b0>()\nE            +    where <built-in method total_seconds of datetime.timedelta object at 0x104d587b0> = datetime.timedelta(seconds=2, microseconds=245162).total_seconds\nE            +      where datetime.timedelta(seconds=2, microseconds=245162) = <Response [200]>.elapsed\n\ntests/test_posts.py:69: AssertionError","flaky":false,"newFailed":false,"newBroken":false,"newPassed":false,"retriesCount":0,"retriesStatusChange":false,"beforeStages":[{"name":"config","time":{"start":1769337288728,"stop":1769337288730,"duration":2},"status":"passed","steps":[],"attachments":[],"parameters":[],"shouldDisplayMessage":false,"attachmentsCount":0,"stepsCount":0,"hasContent":false,"attachmentStep":false},{"name":"api_client","time":{"start":1769337288730,"stop":1769337288730,"duration":0},"status":"passed","steps":[],"attachments":[],"parameters":[],"shouldDisplayMessage":false,"attachmentsCount":0,"stepsCount":0,"hasContent":false,"attachmentStep":false},{"name":"base_url","time":{"start":1769337288730,"stop":1769337288730,"duration":0},"status":"passed","steps":[],"attachments":[],"parameters":[],"shouldDisplayMessage":false,"attachmentsCount":0,"stepsCount":0,"hasContent":false,"attachmentStep":false},{"name":"db","time":{"start":1769337288730,"stop":1769337288732,"duration":2},"status":"passed","steps":[],"attachments":[],"parameters":[],"shouldDisplayMessage":false,"attachmentsCount":0,"stepsCount":0,"hasContent":false,"attachmentStep":false}],"testStage":{"status":"failed","statusMessage":"AssertionError: assert 2.245162 < 2\n +  where 2.245162 = <built-in method total_seconds of datetime.timedelta object at 0x104d587b0>()\n +    where <built-in method total_seconds of datetime.timedelta object at 0x104d587b0> = datetime.timedelta(seconds=2, microseconds=245162).total_seconds\n +      where datetime.timedelta(seconds=2, microseconds=245162) = <Response [200]>.elapsed","statusTrace":"api_client = <src.api.base_client.BaseClient object at 0x104a67520>\ndb = <db.sqlite_client.SQLiteClient object at 0x104d2b430>\n\n    @pytest.mark.contract\n    def test_get_posts_by_userid_validations(api_client, db):\n        posts_api = PostsAPI(api_client.base_url)\n        users_api = UsersAPI(api_client.base_url)\n        users = users_api.get_users().json()\n        for user in users:\n            user_id = user[\"id\"]\n            resp = posts_api.get_posts_by_user(user_id)\n            assert resp.status_code == 200\n>           assert resp.elapsed.total_seconds() < 2\nE           assert 2.245162 < 2\nE            +  where 2.245162 = <built-in method total_seconds of datetime.timedelta object at 0x104d587b0>()\nE            +    where <built-in method total_seconds of datetime.timedelta object at 0x104d587b0> = datetime.timedelta(seconds=2, microseconds=245162).total_seconds\nE            +      where datetime.timedelta(seconds=2, microseconds=245162) = <Response [200]>.elapsed\n\ntests/test_posts.py:69: AssertionError","steps":[],"attachments":[{"uid":"cc19f21093e61a36","name":"Response for https://jsonplaceholder.typicode.com/users","source":"cc19f21093e61a36.json","type":"application/json","size":4423},{"uid":"dbed951a06fd11a1","name":"Response for https://jsonplaceholder.typicode.com/posts","source":"dbed951a06fd11a1.json","type":"application/json","size":2504},{"uid":"458a715553abe431","name":"log","source":"458a715553abe431.txt","type":"text/plain","size":7363},{"uid":"52c9eecb9c83a87f","name":"stderr","source":"52c9eecb9c83a87f.txt","type":"text/plain","size":7394}],"parameters":[],"shouldDisplayMessage":true,"attachmentsCount":4,"stepsCount":0,"hasContent":true,"attachmentStep":false},"afterStages":[],"labels":[{"name":"tag","value":"contract"},{"name":"parentSuite","value":"tests"},{"name":"suite","value":"test_posts"},{"name":"host","value":"GS-6209.lan"},{"name":"thread","value":"29215-MainThread"},{"name":"framework","value":"pytest"},{"name":"language","value":"cpython3"},{"name":"package","value":"tests.test_posts"},{"name":"resultFormat","value":"allure2"}],"parameters":[],"links":[],"hidden":true,"retry":true,"extra":{"categories":[],"tags":["contract"]},"source":"7bebd42dc6ff5752.json","parameterValues":[]}