{"uid":"8f28b9e03f2a5d34","name":"test_get_user_by_id_parametrized[2]","fullName":"tests.test_users#test_get_user_by_id_parametrized","historyId":"a9bd36cf7d2a298a01b75901721b09f2","time":{"start":1769337552882,"stop":1769337554155,"duration":1273},"status":"failed","statusMessage":"AssertionError: User 2 not found in DB\nassert []","statusTrace":"api_client = <src.api.base_client.BaseClient object at 0x102f5b640>, db = <db.sqlite_client.SQLiteClient object at 0x103221700>, user_id = 2\n\n    @pytest.mark.parametrize(\"user_id\", [1, 2, 3, 4, 5, 6, 7, 8, 9, 10])\n    def test_get_user_by_id_parametrized(api_client, db, user_id):\n        users_api = UsersAPI(api_client.base_url)\n        resp = users_api.get_user_by_id(user_id)\n        assert resp.status_code == 200\n        assert resp.elapsed.total_seconds() < 2\n        user_data = resp.json()\n        validate_schema(user_data, \"data/schemas/user_schema.json\")\n        for field in [\"id\", \"name\", \"username\", \"email\"]:\n            assert field in user_data\n        assert is_valid_email(user_data[\"email\"])\n        db_user = [row for row in db.fetchall(\"users\") if row[0] == user_id]\n>       assert db_user, f\"User {user_id} not found in DB\"\nE       AssertionError: User 2 not found in DB\nE       assert []\n\ntests/test_users.py:85: AssertionError","flaky":false,"newFailed":false,"newBroken":false,"newPassed":false,"retriesCount":0,"retriesStatusChange":false,"beforeStages":[{"name":"config","time":{"start":1769337551281,"stop":1769337551286,"duration":5},"status":"passed","steps":[],"attachments":[],"parameters":[],"shouldDisplayMessage":false,"attachmentsCount":0,"stepsCount":0,"hasContent":false,"attachmentStep":false},{"name":"base_url","time":{"start":1769337551286,"stop":1769337551286,"duration":0},"status":"passed","steps":[],"attachments":[],"parameters":[],"shouldDisplayMessage":false,"attachmentsCount":0,"stepsCount":0,"hasContent":false,"attachmentStep":false},{"name":"api_client","time":{"start":1769337551286,"stop":1769337551287,"duration":1},"status":"passed","steps":[],"attachments":[],"parameters":[],"shouldDisplayMessage":false,"attachmentsCount":0,"stepsCount":0,"hasContent":false,"attachmentStep":false},{"name":"db","time":{"start":1769337551287,"stop":1769337551288,"duration":1},"status":"passed","steps":[],"attachments":[],"parameters":[],"shouldDisplayMessage":false,"attachmentsCount":0,"stepsCount":0,"hasContent":false,"attachmentStep":false}],"testStage":{"status":"failed","statusMessage":"AssertionError: User 2 not found in DB\nassert []","statusTrace":"api_client = <src.api.base_client.BaseClient object at 0x102f5b640>, db = <db.sqlite_client.SQLiteClient object at 0x103221700>, user_id = 2\n\n    @pytest.mark.parametrize(\"user_id\", [1, 2, 3, 4, 5, 6, 7, 8, 9, 10])\n    def test_get_user_by_id_parametrized(api_client, db, user_id):\n        users_api = UsersAPI(api_client.base_url)\n        resp = users_api.get_user_by_id(user_id)\n        assert resp.status_code == 200\n        assert resp.elapsed.total_seconds() < 2\n        user_data = resp.json()\n        validate_schema(user_data, \"data/schemas/user_schema.json\")\n        for field in [\"id\", \"name\", \"username\", \"email\"]:\n            assert field in user_data\n        assert is_valid_email(user_data[\"email\"])\n        db_user = [row for row in db.fetchall(\"users\") if row[0] == user_id]\n>       assert db_user, f\"User {user_id} not found in DB\"\nE       AssertionError: User 2 not found in DB\nE       assert []\n\ntests/test_users.py:85: AssertionError","steps":[],"attachments":[{"uid":"eab0e6524008c232","name":"Response for https://jsonplaceholder.typicode.com/users/2","source":"eab0e6524008c232.json","type":"application/json","size":433},{"uid":"cad66e52c9f64cae","name":"log","source":"cad66e52c9f64cae.txt","type":"text/plain","size":648},{"uid":"4ad3a4eb288930a9","name":"stderr","source":"4ad3a4eb288930a9.txt","type":"text/plain","size":664}],"parameters":[],"shouldDisplayMessage":true,"attachmentsCount":3,"stepsCount":0,"hasContent":true,"attachmentStep":false},"afterStages":[],"labels":[{"name":"parentSuite","value":"tests"},{"name":"suite","value":"test_users"},{"name":"host","value":"GS-6209.lan"},{"name":"thread","value":"29770-MainThread"},{"name":"framework","value":"pytest"},{"name":"language","value":"cpython3"},{"name":"package","value":"tests.test_users"},{"name":"resultFormat","value":"allure2"}],"parameters":[{"name":"user_id","value":"2"}],"links":[],"hidden":true,"retry":true,"extra":{"categories":[],"tags":[]},"source":"8f28b9e03f2a5d34.json","parameterValues":["2"]}