{"uid":"93495424f33efdac","name":"test_get_user_by_id_validations","fullName":"tests.test_users#test_get_user_by_id_validations","historyId":"07636f71da2653fb9909de6aa1582dd9","time":{"start":1769337555132,"stop":1769337555471,"duration":339},"status":"failed","statusMessage":"AssertionError: User 1 not found in DB\nassert []","statusTrace":"api_client = <src.api.base_client.BaseClient object at 0x10acef790>, db = <db.sqlite_client.SQLiteClient object at 0x10afb47f0>\n\n    @pytest.mark.contract\n    def test_get_user_by_id_validations(api_client, db):\n        users_api = UsersAPI(api_client.base_url)\n        # Get all users from /users\n        all_users_resp = users_api.get_users()\n        assert all_users_resp.status_code == 200\n        all_users = all_users_resp.json()\n        # For each user, call /users/{id} and validate\n        for user in all_users:\n            user_id = user[\"id\"]\n            resp = users_api.get_user_by_id(user_id)\n            # Response time validation\n            assert resp.elapsed.total_seconds() < 2, f\"Response time too high: {resp.elapsed.total_seconds()}s for user {user_id}\"\n            assert resp.status_code == 200\n            user_data = resp.json()\n            # Schema validation\n            validate_schema(user_data, \"data/schemas/user_schema.json\")\n            # Mandatory fields\n            for field in [\"id\", \"name\", \"username\", \"email\"]:\n                assert field in user_data\n            # Email format\n            assert is_valid_email(user_data[\"email\"])\n            # Data matches /users and DB\n            assert user_data[\"id\"] == user[\"id\"]\n            assert user_data[\"name\"] == user[\"name\"]\n            assert user_data[\"username\"] == user[\"username\"]\n            assert user_data[\"email\"] == user[\"email\"]\n            # DB validation\n            db_user = [row for row in db.fetchall(\"users\") if row[0] == user_id]\n>           assert db_user, f\"User {user_id} not found in DB\"\nE           AssertionError: User 1 not found in DB\nE           assert []\n\ntests/test_users.py:66: AssertionError","flaky":false,"newFailed":false,"newBroken":false,"newPassed":false,"retriesCount":0,"retriesStatusChange":false,"beforeStages":[{"name":"config","time":{"start":1769337551282,"stop":1769337551286,"duration":4},"status":"passed","steps":[],"attachments":[],"parameters":[],"shouldDisplayMessage":false,"attachmentsCount":0,"stepsCount":0,"hasContent":false,"attachmentStep":false},{"name":"db","time":{"start":1769337551287,"stop":1769337551289,"duration":2},"status":"passed","steps":[],"attachments":[],"parameters":[],"shouldDisplayMessage":false,"attachmentsCount":0,"stepsCount":0,"hasContent":false,"attachmentStep":false},{"name":"base_url","time":{"start":1769337551287,"stop":1769337551287,"duration":0},"status":"passed","steps":[],"attachments":[],"parameters":[],"shouldDisplayMessage":false,"attachmentsCount":0,"stepsCount":0,"hasContent":false,"attachmentStep":false},{"name":"api_client","time":{"start":1769337551287,"stop":1769337551287,"duration":0},"status":"passed","steps":[],"attachments":[],"parameters":[],"shouldDisplayMessage":false,"attachmentsCount":0,"stepsCount":0,"hasContent":false,"attachmentStep":false}],"testStage":{"status":"failed","statusMessage":"AssertionError: User 1 not found in DB\nassert []","statusTrace":"api_client = <src.api.base_client.BaseClient object at 0x10acef790>, db = <db.sqlite_client.SQLiteClient object at 0x10afb47f0>\n\n    @pytest.mark.contract\n    def test_get_user_by_id_validations(api_client, db):\n        users_api = UsersAPI(api_client.base_url)\n        # Get all users from /users\n        all_users_resp = users_api.get_users()\n        assert all_users_resp.status_code == 200\n        all_users = all_users_resp.json()\n        # For each user, call /users/{id} and validate\n        for user in all_users:\n            user_id = user[\"id\"]\n            resp = users_api.get_user_by_id(user_id)\n            # Response time validation\n            assert resp.elapsed.total_seconds() < 2, f\"Response time too high: {resp.elapsed.total_seconds()}s for user {user_id}\"\n            assert resp.status_code == 200\n            user_data = resp.json()\n            # Schema validation\n            validate_schema(user_data, \"data/schemas/user_schema.json\")\n            # Mandatory fields\n            for field in [\"id\", \"name\", \"username\", \"email\"]:\n                assert field in user_data\n            # Email format\n            assert is_valid_email(user_data[\"email\"])\n            # Data matches /users and DB\n            assert user_data[\"id\"] == user[\"id\"]\n            assert user_data[\"name\"] == user[\"name\"]\n            assert user_data[\"username\"] == user[\"username\"]\n            assert user_data[\"email\"] == user[\"email\"]\n            # DB validation\n            db_user = [row for row in db.fetchall(\"users\") if row[0] == user_id]\n>           assert db_user, f\"User {user_id} not found in DB\"\nE           AssertionError: User 1 not found in DB\nE           assert []\n\ntests/test_users.py:66: AssertionError","steps":[],"attachments":[{"uid":"b36eaf1fa99a6deb","name":"Response for https://jsonplaceholder.typicode.com/users","source":"b36eaf1fa99a6deb.json","type":"application/json","size":4423},{"uid":"b143ecc539629400","name":"Response for https://jsonplaceholder.typicode.com/users/1","source":"b143ecc539629400.json","type":"application/json","size":433},{"uid":"c006a6776d9dc1ad","name":"log","source":"c006a6776d9dc1ad.txt","type":"text/plain","size":5285},{"uid":"650aa43ba73ec9a4","name":"stderr","source":"650aa43ba73ec9a4.txt","type":"text/plain","size":5316}],"parameters":[],"shouldDisplayMessage":true,"attachmentsCount":4,"stepsCount":0,"hasContent":true,"attachmentStep":false},"afterStages":[],"labels":[{"name":"tag","value":"contract"},{"name":"parentSuite","value":"tests"},{"name":"suite","value":"test_users"},{"name":"host","value":"GS-6209.lan"},{"name":"thread","value":"29768-MainThread"},{"name":"framework","value":"pytest"},{"name":"language","value":"cpython3"},{"name":"package","value":"tests.test_users"},{"name":"resultFormat","value":"allure2"}],"parameters":[],"links":[],"hidden":true,"retry":true,"extra":{"categories":[],"tags":["contract"]},"source":"93495424f33efdac.json","parameterValues":[]}