{"uid":"a3e4e1469d9bfd09","name":"test_get_post_by_id_parametrized[1]","fullName":"tests.test_posts#test_get_post_by_id_parametrized","historyId":"26f1d6fe26b3bdd9a91361e54b3de320","time":{"start":1769337288736,"stop":1769337289041,"duration":305},"status":"failed","statusMessage":"AssertionError: Post 1 not found in DB\nassert []","statusTrace":"api_client = <src.api.base_client.BaseClient object at 0x103caee80>\ndb = <db.sqlite_client.SQLiteClient object at 0x1040abaf0>, post_id = 1\n\n    @pytest.mark.parametrize(\"post_id\", [1, 2, 3, 4, 5, 6, 7, 8, 9, 10])\n    def test_get_post_by_id_parametrized(api_client, db, post_id):\n        posts_api = PostsAPI(api_client.base_url)\n        resp = posts_api.get_post_by_id(post_id)\n        assert resp.status_code == 200\n        assert resp.elapsed.total_seconds() < 2\n        post_data = resp.json()\n        validate_schema(post_data, \"data/schemas/post_schema.json\")\n        for field in [\"id\", \"userId\", \"title\", \"body\"]:\n            assert field in post_data\n        db_post = [row for row in db.fetchall(\"posts\") if row[0] == post_id]\n>       assert db_post, f\"Post {post_id} not found in DB\"\nE       AssertionError: Post 1 not found in DB\nE       assert []\n\ntests/test_posts.py:53: AssertionError","flaky":false,"newFailed":false,"newBroken":false,"newPassed":false,"retriesCount":0,"retriesStatusChange":false,"beforeStages":[{"name":"config","time":{"start":1769337288728,"stop":1769337288731,"duration":3},"status":"passed","steps":[],"attachments":[],"parameters":[],"shouldDisplayMessage":false,"attachmentsCount":0,"stepsCount":0,"hasContent":false,"attachmentStep":false},{"name":"base_url","time":{"start":1769337288731,"stop":1769337288731,"duration":0},"status":"passed","steps":[],"attachments":[],"parameters":[],"shouldDisplayMessage":false,"attachmentsCount":0,"stepsCount":0,"hasContent":false,"attachmentStep":false},{"name":"api_client","time":{"start":1769337288731,"stop":1769337288731,"duration":0},"status":"passed","steps":[],"attachments":[],"parameters":[],"shouldDisplayMessage":false,"attachmentsCount":0,"stepsCount":0,"hasContent":false,"attachmentStep":false},{"name":"db","time":{"start":1769337288731,"stop":1769337288733,"duration":2},"status":"passed","steps":[],"attachments":[],"parameters":[],"shouldDisplayMessage":false,"attachmentsCount":0,"stepsCount":0,"hasContent":false,"attachmentStep":false}],"testStage":{"status":"failed","statusMessage":"AssertionError: Post 1 not found in DB\nassert []","statusTrace":"api_client = <src.api.base_client.BaseClient object at 0x103caee80>\ndb = <db.sqlite_client.SQLiteClient object at 0x1040abaf0>, post_id = 1\n\n    @pytest.mark.parametrize(\"post_id\", [1, 2, 3, 4, 5, 6, 7, 8, 9, 10])\n    def test_get_post_by_id_parametrized(api_client, db, post_id):\n        posts_api = PostsAPI(api_client.base_url)\n        resp = posts_api.get_post_by_id(post_id)\n        assert resp.status_code == 200\n        assert resp.elapsed.total_seconds() < 2\n        post_data = resp.json()\n        validate_schema(post_data, \"data/schemas/post_schema.json\")\n        for field in [\"id\", \"userId\", \"title\", \"body\"]:\n            assert field in post_data\n        db_post = [row for row in db.fetchall(\"posts\") if row[0] == post_id]\n>       assert db_post, f\"Post {post_id} not found in DB\"\nE       AssertionError: Post 1 not found in DB\nE       assert []\n\ntests/test_posts.py:53: AssertionError","steps":[],"attachments":[{"uid":"657719176b588d4a","name":"Response for https://jsonplaceholder.typicode.com/posts/1","source":"657719176b588d4a.json","type":"application/json","size":282},{"uid":"296a133d6b85ca68","name":"log","source":"296a133d6b85ca68.txt","type":"text/plain","size":497},{"uid":"344985761e0a2d5c","name":"stderr","source":"344985761e0a2d5c.txt","type":"text/plain","size":513}],"parameters":[],"shouldDisplayMessage":true,"attachmentsCount":3,"stepsCount":0,"hasContent":true,"attachmentStep":false},"afterStages":[],"labels":[{"name":"parentSuite","value":"tests"},{"name":"suite","value":"test_posts"},{"name":"host","value":"GS-6209.lan"},{"name":"thread","value":"29194-MainThread"},{"name":"framework","value":"pytest"},{"name":"language","value":"cpython3"},{"name":"package","value":"tests.test_posts"},{"name":"resultFormat","value":"allure2"}],"parameters":[{"name":"post_id","value":"1"}],"links":[],"hidden":true,"retry":true,"extra":{"categories":[],"tags":[]},"source":"a3e4e1469d9bfd09.json","parameterValues":["1"]}