{"uid":"bad2f718e1e4c287","name":"test_get_post_by_id_validations","fullName":"tests.test_posts#test_get_post_by_id_validations","historyId":"603554bf9ea72f98ef5d796589624d8a","time":{"start":1769618354878,"stop":1769618359976,"duration":5098},"status":"failed","statusMessage":"AssertionError: assert 2.978655 < 2\n +  where 2.978655 = <built-in method total_seconds of datetime.timedelta object at 0x102654d20>()\n +    where <built-in method total_seconds of datetime.timedelta object at 0x102654d20> = datetime.timedelta(seconds=2, microseconds=978655).total_seconds\n +      where datetime.timedelta(seconds=2, microseconds=978655) = <Response [200]>.elapsed","statusTrace":"api_client = <src.api.base_client.BaseClient object at 0x102fec580>, db = <db.sqlite_client.SQLiteClient object at 0x102ff4ca0>\n\n    @pytest.mark.contract\n    def test_get_post_by_id_validations(api_client, db):\n        posts_api = PostsAPI(api_client.base_url)\n        all_posts = posts_api.get_posts().json()\n        for post in all_posts:\n            post_id = post[\"id\"]\n            resp = posts_api.get_post_by_id(post_id)\n            assert resp.status_code == 200\n>           assert resp.elapsed.total_seconds() < 2\nE           assert 2.978655 < 2\nE            +  where 2.978655 = <built-in method total_seconds of datetime.timedelta object at 0x102654d20>()\nE            +    where <built-in method total_seconds of datetime.timedelta object at 0x102654d20> = datetime.timedelta(seconds=2, microseconds=978655).total_seconds\nE            +      where datetime.timedelta(seconds=2, microseconds=978655) = <Response [200]>.elapsed\n\ntests/test_posts.py:37: AssertionError","flaky":false,"newFailed":false,"newBroken":false,"newPassed":false,"retriesCount":0,"retriesStatusChange":false,"beforeStages":[{"name":"config","time":{"start":1769618353886,"stop":1769618353890,"duration":4},"status":"passed","steps":[],"attachments":[],"parameters":[],"shouldDisplayMessage":false,"attachmentsCount":0,"stepsCount":0,"hasContent":false,"attachmentStep":false},{"name":"base_url","time":{"start":1769618353890,"stop":1769618353890,"duration":0},"status":"passed","steps":[],"attachments":[],"parameters":[],"shouldDisplayMessage":false,"attachmentsCount":0,"stepsCount":0,"hasContent":false,"attachmentStep":false},{"name":"api_client","time":{"start":1769618353891,"stop":1769618353891,"duration":0},"status":"passed","steps":[],"attachments":[],"parameters":[],"shouldDisplayMessage":false,"attachmentsCount":0,"stepsCount":0,"hasContent":false,"attachmentStep":false},{"name":"db","time":{"start":1769618353891,"stop":1769618353893,"duration":2},"status":"passed","steps":[],"attachments":[],"parameters":[],"shouldDisplayMessage":false,"attachmentsCount":0,"stepsCount":0,"hasContent":false,"attachmentStep":false}],"testStage":{"status":"failed","statusMessage":"AssertionError: assert 2.978655 < 2\n +  where 2.978655 = <built-in method total_seconds of datetime.timedelta object at 0x102654d20>()\n +    where <built-in method total_seconds of datetime.timedelta object at 0x102654d20> = datetime.timedelta(seconds=2, microseconds=978655).total_seconds\n +      where datetime.timedelta(seconds=2, microseconds=978655) = <Response [200]>.elapsed","statusTrace":"api_client = <src.api.base_client.BaseClient object at 0x102fec580>, db = <db.sqlite_client.SQLiteClient object at 0x102ff4ca0>\n\n    @pytest.mark.contract\n    def test_get_post_by_id_validations(api_client, db):\n        posts_api = PostsAPI(api_client.base_url)\n        all_posts = posts_api.get_posts().json()\n        for post in all_posts:\n            post_id = post[\"id\"]\n            resp = posts_api.get_post_by_id(post_id)\n            assert resp.status_code == 200\n>           assert resp.elapsed.total_seconds() < 2\nE           assert 2.978655 < 2\nE            +  where 2.978655 = <built-in method total_seconds of datetime.timedelta object at 0x102654d20>()\nE            +    where <built-in method total_seconds of datetime.timedelta object at 0x102654d20> = datetime.timedelta(seconds=2, microseconds=978655).total_seconds\nE            +      where datetime.timedelta(seconds=2, microseconds=978655) = <Response [200]>.elapsed\n\ntests/test_posts.py:37: AssertionError","steps":[],"attachments":[{"uid":"ae2ca20e558a8257","name":"Response for https://jsonplaceholder.typicode.com/posts","source":"ae2ca20e558a8257.json","type":"application/json","size":25318},{"uid":"c276d216888fd7c","name":"Response for https://jsonplaceholder.typicode.com/posts/1","source":"c276d216888fd7c.json","type":"application/json","size":282},{"uid":"e4958d8be4dbf291","name":"Response for https://jsonplaceholder.typicode.com/posts/2","source":"e4958d8be4dbf291.json","type":"application/json","size":268},{"uid":"725f40c43896f746","name":"log","source":"725f40c43896f746.txt","type":"text/plain","size":26513},{"uid":"af7bcca0e03dac11","name":"stderr","source":"af7bcca0e03dac11.txt","type":"text/plain","size":26559}],"parameters":[],"shouldDisplayMessage":true,"attachmentsCount":5,"stepsCount":0,"hasContent":true,"attachmentStep":false},"afterStages":[],"labels":[{"name":"tag","value":"contract"},{"name":"parentSuite","value":"tests"},{"name":"suite","value":"test_posts"},{"name":"host","value":"GS-6209.lan"},{"name":"thread","value":"41504-MainThread"},{"name":"framework","value":"pytest"},{"name":"language","value":"cpython3"},{"name":"package","value":"tests.test_posts"},{"name":"resultFormat","value":"allure2"}],"parameters":[],"links":[],"hidden":true,"retry":true,"extra":{"categories":[],"tags":["contract"]},"source":"bad2f718e1e4c287.json","parameterValues":[]}