{"uid":"c66c7b4b5c71a2f7","name":"test_get_post_by_id_parametrized[7]","fullName":"tests.test_posts#test_get_post_by_id_parametrized","historyId":"5d2b8a4e51b8cb1ead9c7dd56e002cb9","time":{"start":1769618357341,"stop":1769618366883,"duration":9542},"status":"failed","statusMessage":"AssertionError: Response time too high: 9.527178s\nassert 9.527178 < 3\n +  where 9.527178 = <built-in method total_seconds of datetime.timedelta object at 0x1053d0930>()\n +    where <built-in method total_seconds of datetime.timedelta object at 0x1053d0930> = datetime.timedelta(seconds=9, microseconds=527178).total_seconds\n +      where datetime.timedelta(seconds=9, microseconds=527178) = <Response [200]>.elapsed","statusTrace":"api_client = <src.api.base_client.BaseClient object at 0x105563040>, db = <db.sqlite_client.SQLiteClient object at 0x1055c0be0>, post_id = 7\n\n    @pytest.mark.parametrize(\"post_id\", [1, 2, 3, 4, 5, 6, 7, 8, 9, 10])\n    def test_get_post_by_id_parametrized(api_client, db, post_id):\n        posts_api = PostsAPI(api_client.base_url)\n        resp = posts_api.get_post_by_id(post_id)\n        assert resp.status_code == 200\n>       assert resp.elapsed.total_seconds() < 3, f\"Response time too high: {resp.elapsed.total_seconds()}s\"\nE       AssertionError: Response time too high: 9.527178s\nE       assert 9.527178 < 3\nE        +  where 9.527178 = <built-in method total_seconds of datetime.timedelta object at 0x1053d0930>()\nE        +    where <built-in method total_seconds of datetime.timedelta object at 0x1053d0930> = datetime.timedelta(seconds=9, microseconds=527178).total_seconds\nE        +      where datetime.timedelta(seconds=9, microseconds=527178) = <Response [200]>.elapsed\n\ntests/test_posts.py:56: AssertionError","flaky":false,"newFailed":false,"newBroken":false,"newPassed":false,"retriesCount":0,"retriesStatusChange":false,"beforeStages":[{"name":"config","time":{"start":1769618353887,"stop":1769618353888,"duration":1},"status":"passed","steps":[],"attachments":[],"parameters":[],"shouldDisplayMessage":false,"attachmentsCount":0,"stepsCount":0,"hasContent":false,"attachmentStep":false},{"name":"api_client","time":{"start":1769618353889,"stop":1769618353889,"duration":0},"status":"passed","steps":[],"attachments":[],"parameters":[],"shouldDisplayMessage":false,"attachmentsCount":0,"stepsCount":0,"hasContent":false,"attachmentStep":false},{"name":"db","time":{"start":1769618353889,"stop":1769618353890,"duration":1},"status":"passed","steps":[],"attachments":[],"parameters":[],"shouldDisplayMessage":false,"attachmentsCount":0,"stepsCount":0,"hasContent":false,"attachmentStep":false},{"name":"base_url","time":{"start":1769618353889,"stop":1769618353889,"duration":0},"status":"passed","steps":[],"attachments":[],"parameters":[],"shouldDisplayMessage":false,"attachmentsCount":0,"stepsCount":0,"hasContent":false,"attachmentStep":false}],"testStage":{"status":"failed","statusMessage":"AssertionError: Response time too high: 9.527178s\nassert 9.527178 < 3\n +  where 9.527178 = <built-in method total_seconds of datetime.timedelta object at 0x1053d0930>()\n +    where <built-in method total_seconds of datetime.timedelta object at 0x1053d0930> = datetime.timedelta(seconds=9, microseconds=527178).total_seconds\n +      where datetime.timedelta(seconds=9, microseconds=527178) = <Response [200]>.elapsed","statusTrace":"api_client = <src.api.base_client.BaseClient object at 0x105563040>, db = <db.sqlite_client.SQLiteClient object at 0x1055c0be0>, post_id = 7\n\n    @pytest.mark.parametrize(\"post_id\", [1, 2, 3, 4, 5, 6, 7, 8, 9, 10])\n    def test_get_post_by_id_parametrized(api_client, db, post_id):\n        posts_api = PostsAPI(api_client.base_url)\n        resp = posts_api.get_post_by_id(post_id)\n        assert resp.status_code == 200\n>       assert resp.elapsed.total_seconds() < 3, f\"Response time too high: {resp.elapsed.total_seconds()}s\"\nE       AssertionError: Response time too high: 9.527178s\nE       assert 9.527178 < 3\nE        +  where 9.527178 = <built-in method total_seconds of datetime.timedelta object at 0x1053d0930>()\nE        +    where <built-in method total_seconds of datetime.timedelta object at 0x1053d0930> = datetime.timedelta(seconds=9, microseconds=527178).total_seconds\nE        +      where datetime.timedelta(seconds=9, microseconds=527178) = <Response [200]>.elapsed\n\ntests/test_posts.py:56: AssertionError","steps":[],"attachments":[{"uid":"b9f0e9540d56518d","name":"Response for https://jsonplaceholder.typicode.com/posts/7","source":"b9f0e9540d56518d.json","type":"application/json","size":215},{"uid":"b0bbf8701622b84b","name":"log","source":"b0bbf8701622b84b.txt","type":"text/plain","size":430},{"uid":"11a5c562890626c0","name":"stderr","source":"11a5c562890626c0.txt","type":"text/plain","size":446}],"parameters":[],"shouldDisplayMessage":true,"attachmentsCount":3,"stepsCount":0,"hasContent":true,"attachmentStep":false},"afterStages":[],"labels":[{"name":"parentSuite","value":"tests"},{"name":"suite","value":"test_posts"},{"name":"host","value":"GS-6209.lan"},{"name":"thread","value":"41507-MainThread"},{"name":"framework","value":"pytest"},{"name":"language","value":"cpython3"},{"name":"package","value":"tests.test_posts"},{"name":"resultFormat","value":"allure2"}],"parameters":[{"name":"post_id","value":"7"}],"links":[],"hidden":true,"retry":true,"extra":{"categories":[],"tags":[]},"source":"c66c7b4b5c71a2f7.json","parameterValues":["7"]}