{"uid":"cc7abc8ce59ba83f","name":"test_get_comments_by_postid_validations","fullName":"tests.test_comments#test_get_comments_by_postid_validations","historyId":"829513cc6393b6ff5acf1a996a833b28","time":{"start":1769618134711,"stop":1769618138442,"duration":3731},"status":"failed","statusMessage":"AssertionError: assert 2.860697 < 2\n +  where 2.860697 = <built-in method total_seconds of datetime.timedelta object at 0x104202420>()\n +    where <built-in method total_seconds of datetime.timedelta object at 0x104202420> = datetime.timedelta(seconds=2, microseconds=860697).total_seconds\n +      where datetime.timedelta(seconds=2, microseconds=860697) = <Response [200]>.elapsed","statusTrace":"api_client = <src.api.base_client.BaseClient object at 0x1041cd580>, db = <db.sqlite_client.SQLiteClient object at 0x1041d6a00>\n\n    @pytest.mark.contract\n    def test_get_comments_by_postid_validations(api_client, db):\n        posts_api = PostsAPI(api_client.base_url)\n        comments_api = CommentsAPI(api_client.base_url)\n        posts = posts_api.get_posts().json()\n        for post in posts:\n            post_id = post[\"id\"]\n            resp = comments_api.get_comments_by_post(post_id)\n            assert resp.status_code == 200\n>           assert resp.elapsed.total_seconds() < 2\nE           assert 2.860697 < 2\nE            +  where 2.860697 = <built-in method total_seconds of datetime.timedelta object at 0x104202420>()\nE            +    where <built-in method total_seconds of datetime.timedelta object at 0x104202420> = datetime.timedelta(seconds=2, microseconds=860697).total_seconds\nE            +      where datetime.timedelta(seconds=2, microseconds=860697) = <Response [200]>.elapsed\n\ntests/test_comments.py:40: AssertionError","flaky":false,"newFailed":false,"newBroken":false,"newPassed":false,"retriesCount":0,"retriesStatusChange":false,"beforeStages":[{"name":"config","time":{"start":1769618134704,"stop":1769618134707,"duration":3},"status":"passed","steps":[],"attachments":[],"parameters":[],"shouldDisplayMessage":false,"attachmentsCount":0,"stepsCount":0,"hasContent":false,"attachmentStep":false},{"name":"base_url","time":{"start":1769618134707,"stop":1769618134707,"duration":0},"status":"passed","steps":[],"attachments":[],"parameters":[],"shouldDisplayMessage":false,"attachmentsCount":0,"stepsCount":0,"hasContent":false,"attachmentStep":false},{"name":"api_client","time":{"start":1769618134707,"stop":1769618134707,"duration":0},"status":"passed","steps":[],"attachments":[],"parameters":[],"shouldDisplayMessage":false,"attachmentsCount":0,"stepsCount":0,"hasContent":false,"attachmentStep":false},{"name":"db","time":{"start":1769618134707,"stop":1769618134709,"duration":2},"status":"passed","steps":[],"attachments":[],"parameters":[],"shouldDisplayMessage":false,"attachmentsCount":0,"stepsCount":0,"hasContent":false,"attachmentStep":false}],"testStage":{"status":"failed","statusMessage":"AssertionError: assert 2.860697 < 2\n +  where 2.860697 = <built-in method total_seconds of datetime.timedelta object at 0x104202420>()\n +    where <built-in method total_seconds of datetime.timedelta object at 0x104202420> = datetime.timedelta(seconds=2, microseconds=860697).total_seconds\n +      where datetime.timedelta(seconds=2, microseconds=860697) = <Response [200]>.elapsed","statusTrace":"api_client = <src.api.base_client.BaseClient object at 0x1041cd580>, db = <db.sqlite_client.SQLiteClient object at 0x1041d6a00>\n\n    @pytest.mark.contract\n    def test_get_comments_by_postid_validations(api_client, db):\n        posts_api = PostsAPI(api_client.base_url)\n        comments_api = CommentsAPI(api_client.base_url)\n        posts = posts_api.get_posts().json()\n        for post in posts:\n            post_id = post[\"id\"]\n            resp = comments_api.get_comments_by_post(post_id)\n            assert resp.status_code == 200\n>           assert resp.elapsed.total_seconds() < 2\nE           assert 2.860697 < 2\nE            +  where 2.860697 = <built-in method total_seconds of datetime.timedelta object at 0x104202420>()\nE            +    where <built-in method total_seconds of datetime.timedelta object at 0x104202420> = datetime.timedelta(seconds=2, microseconds=860697).total_seconds\nE            +      where datetime.timedelta(seconds=2, microseconds=860697) = <Response [200]>.elapsed\n\ntests/test_comments.py:40: AssertionError","steps":[],"attachments":[{"uid":"14353754ab6e1fe4","name":"Response for https://jsonplaceholder.typicode.com/posts","source":"14353754ab6e1fe4.json","type":"application/json","size":25318},{"uid":"80103b980ec23813","name":"Response for https://jsonplaceholder.typicode.com/comments","source":"80103b980ec23813.json","type":"application/json","size":1378},{"uid":"bbd8f6d0a4e96b77","name":"log","source":"bbd8f6d0a4e96b77.txt","type":"text/plain","size":27135},{"uid":"6a40a830c9dc3e12","name":"stderr","source":"6a40a830c9dc3e12.txt","type":"text/plain","size":27166}],"parameters":[],"shouldDisplayMessage":true,"attachmentsCount":4,"stepsCount":0,"hasContent":true,"attachmentStep":false},"afterStages":[],"labels":[{"name":"tag","value":"contract"},{"name":"parentSuite","value":"tests"},{"name":"suite","value":"test_comments"},{"name":"host","value":"GS-6209.lan"},{"name":"thread","value":"41421-MainThread"},{"name":"framework","value":"pytest"},{"name":"language","value":"cpython3"},{"name":"package","value":"tests.test_comments"},{"name":"resultFormat","value":"allure2"}],"parameters":[],"links":[],"hidden":true,"retry":true,"extra":{"categories":[],"tags":["contract"]},"source":"cc7abc8ce59ba83f.json","parameterValues":[]}