{"uid":"eabc3fe4679119a8","name":"test_get_post_by_id_parametrized[7]","fullName":"tests.test_posts#test_get_post_by_id_parametrized","historyId":"5d2b8a4e51b8cb1ead9c7dd56e002cb9","time":{"start":1769337115864,"stop":1769337116241,"duration":377},"status":"failed","statusMessage":"AssertionError: Post 7 not found in DB\nassert []","statusTrace":"api_client = <src.api.base_client.BaseClient object at 0x103b00bb0>, db = <db.sqlite_client.SQLiteClient object at 0x103b2c6d0>, post_id = 7\n\n    @pytest.mark.parametrize(\"post_id\", [1, 2, 3, 4, 5, 6, 7, 8, 9, 10])\n    def test_get_post_by_id_parametrized(api_client, db, post_id):\n        posts_api = PostsAPI(api_client.base_url)\n        resp = posts_api.get_post_by_id(post_id)\n        assert resp.status_code == 200\n        assert resp.elapsed.total_seconds() < 2\n        post_data = resp.json()\n        validate_schema(post_data, \"data/schemas/post_schema.json\")\n        for field in [\"id\", \"userId\", \"title\", \"body\"]:\n            assert field in post_data\n        db_post = [row for row in db.fetchall(\"posts\") if row[0] == post_id]\n>       assert db_post, f\"Post {post_id} not found in DB\"\nE       AssertionError: Post 7 not found in DB\nE       assert []\n\ntests/test_posts.py:53: AssertionError","flaky":false,"newFailed":false,"newBroken":false,"newPassed":false,"retriesCount":0,"retriesStatusChange":false,"beforeStages":[{"name":"config","time":{"start":1769337115856,"stop":1769337115859,"duration":3},"status":"passed","steps":[],"attachments":[],"parameters":[],"shouldDisplayMessage":false,"attachmentsCount":0,"stepsCount":0,"hasContent":false,"attachmentStep":false},{"name":"base_url","time":{"start":1769337115859,"stop":1769337115860,"duration":1},"status":"passed","steps":[],"attachments":[],"parameters":[],"shouldDisplayMessage":false,"attachmentsCount":0,"stepsCount":0,"hasContent":false,"attachmentStep":false},{"name":"db","time":{"start":1769337115860,"stop":1769337115861,"duration":1},"status":"passed","steps":[],"attachments":[],"parameters":[],"shouldDisplayMessage":false,"attachmentsCount":0,"stepsCount":0,"hasContent":false,"attachmentStep":false},{"name":"api_client","time":{"start":1769337115860,"stop":1769337115860,"duration":0},"status":"passed","steps":[],"attachments":[],"parameters":[],"shouldDisplayMessage":false,"attachmentsCount":0,"stepsCount":0,"hasContent":false,"attachmentStep":false}],"testStage":{"status":"failed","statusMessage":"AssertionError: Post 7 not found in DB\nassert []","statusTrace":"api_client = <src.api.base_client.BaseClient object at 0x103b00bb0>, db = <db.sqlite_client.SQLiteClient object at 0x103b2c6d0>, post_id = 7\n\n    @pytest.mark.parametrize(\"post_id\", [1, 2, 3, 4, 5, 6, 7, 8, 9, 10])\n    def test_get_post_by_id_parametrized(api_client, db, post_id):\n        posts_api = PostsAPI(api_client.base_url)\n        resp = posts_api.get_post_by_id(post_id)\n        assert resp.status_code == 200\n        assert resp.elapsed.total_seconds() < 2\n        post_data = resp.json()\n        validate_schema(post_data, \"data/schemas/post_schema.json\")\n        for field in [\"id\", \"userId\", \"title\", \"body\"]:\n            assert field in post_data\n        db_post = [row for row in db.fetchall(\"posts\") if row[0] == post_id]\n>       assert db_post, f\"Post {post_id} not found in DB\"\nE       AssertionError: Post 7 not found in DB\nE       assert []\n\ntests/test_posts.py:53: AssertionError","steps":[],"attachments":[{"uid":"61d17d4d457df3c8","name":"Response for https://jsonplaceholder.typicode.com/posts/7","source":"61d17d4d457df3c8.json","type":"application/json","size":215},{"uid":"97c1d91cfcac2edc","name":"log","source":"97c1d91cfcac2edc.txt","type":"text/plain","size":430},{"uid":"742e8cb32a38dc53","name":"stderr","source":"742e8cb32a38dc53.txt","type":"text/plain","size":446}],"parameters":[],"shouldDisplayMessage":true,"attachmentsCount":3,"stepsCount":0,"hasContent":true,"attachmentStep":false},"afterStages":[],"labels":[{"name":"parentSuite","value":"tests"},{"name":"suite","value":"test_posts"},{"name":"host","value":"GS-6209.lan"},{"name":"thread","value":"28450-MainThread"},{"name":"framework","value":"pytest"},{"name":"language","value":"cpython3"},{"name":"package","value":"tests.test_posts"},{"name":"resultFormat","value":"allure2"}],"parameters":[{"name":"post_id","value":"7"}],"links":[],"hidden":true,"retry":true,"extra":{"categories":[],"tags":[]},"source":"eabc3fe4679119a8.json","parameterValues":["7"]}