{"uid":"edea8f29a882468b","name":"test_get_comments_by_postid_validations","fullName":"tests.test_comments#test_get_comments_by_postid_validations","historyId":"829513cc6393b6ff5acf1a996a833b28","time":{"start":1769337115863,"stop":1769337119398,"duration":3535},"status":"failed","statusMessage":"AssertionError: assert 2.81827 < 2\n +  where 2.81827 = <built-in method total_seconds of datetime.timedelta object at 0x105748660>()\n +    where <built-in method total_seconds of datetime.timedelta object at 0x105748660> = datetime.timedelta(seconds=2, microseconds=818270).total_seconds\n +      where datetime.timedelta(seconds=2, microseconds=818270) = <Response [200]>.elapsed","statusTrace":"api_client = <src.api.base_client.BaseClient object at 0x1056c93a0>, db = <db.sqlite_client.SQLiteClient object at 0x10571b6a0>\n\n    @pytest.mark.contract\n    def test_get_comments_by_postid_validations(api_client, db):\n        posts_api = PostsAPI(api_client.base_url)\n        comments_api = CommentsAPI(api_client.base_url)\n        posts = posts_api.get_posts().json()\n        for post in posts:\n            post_id = post[\"id\"]\n            resp = comments_api.get_comments_by_post(post_id)\n            assert resp.status_code == 200\n>           assert resp.elapsed.total_seconds() < 2\nE           assert 2.81827 < 2\nE            +  where 2.81827 = <built-in method total_seconds of datetime.timedelta object at 0x105748660>()\nE            +    where <built-in method total_seconds of datetime.timedelta object at 0x105748660> = datetime.timedelta(seconds=2, microseconds=818270).total_seconds\nE            +      where datetime.timedelta(seconds=2, microseconds=818270) = <Response [200]>.elapsed\n\ntests/test_comments.py:31: AssertionError","flaky":false,"newFailed":false,"newBroken":false,"newPassed":false,"retriesCount":0,"retriesStatusChange":false,"beforeStages":[{"name":"config","time":{"start":1769337115855,"stop":1769337115858,"duration":3},"status":"passed","steps":[],"attachments":[],"parameters":[],"shouldDisplayMessage":false,"attachmentsCount":0,"stepsCount":0,"hasContent":false,"attachmentStep":false},{"name":"base_url","time":{"start":1769337115859,"stop":1769337115859,"duration":0},"status":"passed","steps":[],"attachments":[],"parameters":[],"shouldDisplayMessage":false,"attachmentsCount":0,"stepsCount":0,"hasContent":false,"attachmentStep":false},{"name":"api_client","time":{"start":1769337115859,"stop":1769337115859,"duration":0},"status":"passed","steps":[],"attachments":[],"parameters":[],"shouldDisplayMessage":false,"attachmentsCount":0,"stepsCount":0,"hasContent":false,"attachmentStep":false},{"name":"db","time":{"start":1769337115859,"stop":1769337115860,"duration":1},"status":"passed","steps":[],"attachments":[],"parameters":[],"shouldDisplayMessage":false,"attachmentsCount":0,"stepsCount":0,"hasContent":false,"attachmentStep":false}],"testStage":{"status":"failed","statusMessage":"AssertionError: assert 2.81827 < 2\n +  where 2.81827 = <built-in method total_seconds of datetime.timedelta object at 0x105748660>()\n +    where <built-in method total_seconds of datetime.timedelta object at 0x105748660> = datetime.timedelta(seconds=2, microseconds=818270).total_seconds\n +      where datetime.timedelta(seconds=2, microseconds=818270) = <Response [200]>.elapsed","statusTrace":"api_client = <src.api.base_client.BaseClient object at 0x1056c93a0>, db = <db.sqlite_client.SQLiteClient object at 0x10571b6a0>\n\n    @pytest.mark.contract\n    def test_get_comments_by_postid_validations(api_client, db):\n        posts_api = PostsAPI(api_client.base_url)\n        comments_api = CommentsAPI(api_client.base_url)\n        posts = posts_api.get_posts().json()\n        for post in posts:\n            post_id = post[\"id\"]\n            resp = comments_api.get_comments_by_post(post_id)\n            assert resp.status_code == 200\n>           assert resp.elapsed.total_seconds() < 2\nE           assert 2.81827 < 2\nE            +  where 2.81827 = <built-in method total_seconds of datetime.timedelta object at 0x105748660>()\nE            +    where <built-in method total_seconds of datetime.timedelta object at 0x105748660> = datetime.timedelta(seconds=2, microseconds=818270).total_seconds\nE            +      where datetime.timedelta(seconds=2, microseconds=818270) = <Response [200]>.elapsed\n\ntests/test_comments.py:31: AssertionError","steps":[],"attachments":[{"uid":"a802de1f6ed0f0d1","name":"Response for https://jsonplaceholder.typicode.com/posts","source":"a802de1f6ed0f0d1.json","type":"application/json","size":25318},{"uid":"584e70ad992d6e54","name":"Response for https://jsonplaceholder.typicode.com/comments","source":"584e70ad992d6e54.json","type":"application/json","size":1378},{"uid":"39f13433ecfcec7f","name":"log","source":"39f13433ecfcec7f.txt","type":"text/plain","size":27135},{"uid":"64cc2d4ce0bab55e","name":"stderr","source":"64cc2d4ce0bab55e.txt","type":"text/plain","size":27166}],"parameters":[],"shouldDisplayMessage":true,"attachmentsCount":4,"stepsCount":0,"hasContent":true,"attachmentStep":false},"afterStages":[],"labels":[{"name":"tag","value":"contract"},{"name":"parentSuite","value":"tests"},{"name":"suite","value":"test_comments"},{"name":"host","value":"GS-6209.lan"},{"name":"thread","value":"28441-MainThread"},{"name":"framework","value":"pytest"},{"name":"language","value":"cpython3"},{"name":"package","value":"tests.test_comments"},{"name":"resultFormat","value":"allure2"}],"parameters":[],"links":[],"hidden":true,"retry":true,"extra":{"categories":[],"tags":["contract"]},"source":"edea8f29a882468b.json","parameterValues":[]}